#
# There is insufficient memory for the Java Runtime Environment to continue.
# Native memory allocation (mmap) failed to map 245366784 bytes for Failed to commit area from 0x00000000d9400000 to 0x00000000e7e00000 of length 245366784.
# Possible reasons:
#   The system is out of physical RAM or swap space
#   The process is running with CompressedOops enabled, and the Java Heap may be blocking the growth of the native heap
# Possible solutions:
#   Reduce memory load on the system
#   Increase physical memory or swap space
#   Check if swap backing store is full
#   Decrease Java heap size (-Xmx/-Xms)
#   Decrease number of Java threads
#   Decrease Java thread stack sizes (-Xss)
#   Set larger code cache with -XX:ReservedCodeCacheSize=
#   JVM is running with Unscaled Compressed Oops mode in which the Java heap is
#     placed in the first 4GB address space. The Java Heap base address is the
#     maximum limit for the native heap growth. Please use -XX:HeapBaseMinAddress
#     to set the Java Heap base and to place the Java Heap above 4GB virtual address.
# This output file may be truncated or incomplete.
#
#  Out of Memory Error (t:/workspace/open/src/hotspot/os/windows/os_windows.cpp:3264), pid=4920, tid=17300
#
# JRE version: Java(TM) SE Runtime Environment (12.0.2+10) (build 12.0.2+10)
# Java VM: Java HotSpot(TM) 64-Bit Server VM (12.0.2+10, mixed mode, sharing, tiered, compressed oops, g1 gc, windows-amd64)
# No core dump will be written. Minidumps are not enabled by default on client versions of Windows
#

---------------  S U M M A R Y ------------

Command Line: -Dfile.encoding=UTF-8 org.insa.graphs.gui.MainWindow

Host: Intel(R) Pentium(R) CPU  N3530  @ 2.16GHz, 4 cores, 3G,  Windows 8.1 , 64 bit Build 9600 (6.3.9600.17056)
Time: Fri Apr 24 16:45:00 2020 Paris, Madrid (heure d?été) elapsed time: 240 seconds (0d 0h 4m 0s)

---------------  T H R E A D  ---------------

Current thread (0x000000fcd3260000):  VMThread "VM Thread" [stack: 0x000000fcd3af0000,0x000000fcd3bf0000] [id=17300]

Stack: [0x000000fcd3af0000,0x000000fcd3bf0000]
[error occurred during error reporting (printing stack bounds), id 0xc0000005, EXCEPTION_ACCESS_VIOLATION (0xc0000005) at pc=0x000000fcbf390bbe]

Native frames: (J=compiled Java code, j=interpreted, Vv=VM code, C=native code)
V  [jvm.dll+0x63aa2a]
V  [jvm.dll+0x78ce1e]
V  [jvm.dll+0x78e4c1]
V  [jvm.dll+0x78ea75]
V  [jvm.dll+0x78ea2b]
V  [jvm.dll+0x63a134]
V  [jvm.dll+0x63a4f8]
C  [ntdll.dll+0x933fd]
C  [ntdll.dll+0x54847]
C  [ntdll.dll+0x9258a]
C  0x000000fcbf390bbe

VM_Operation (0x000000fcd09afb90): G1Concurrent, mode: safepoint, requested by thread 0x000000fcb6ff0800


---------------  P R O C E S S  ---------------

Threads class SMR info:
_java_thread_list=0x000000fcd673b510, length=22, elements={
0x000000fcd3265000, 0x000000fcd3267000, 0x000000fcd327d000, 0x000000fcd327d800,
0x000000fcd3283000, 0x000000fcd32a1800, 0x000000fcd4308800, 0x000000fcd43c6800,
0x000000fcd43dc000, 0x000000fcd4d1d000, 0x000000fcd4d3d000, 0x000000fcd4d03000,
0x000000fcd4da6800, 0x000000fcb6fc0800, 0x000000fcd547e800, 0x000000fcd4f5b800,
0x000000fcd503e800, 0x000000fcd4faf000, 0x000000fcd5285800, 0x000000fcd5288000,
0x000000fcd5289000, 0x000000fcd5286800
}

Java Threads: ( => current thread )
  0x000000fcd3265000 JavaThread "Reference Handler" daemon [_thread_blocked, id=18024, stack(0x000000fcd3bf0000,0x000000fcd3cf0000)]
  0x000000fcd3267000 JavaThread "Finalizer" daemon [_thread_blocked, id=14908, stack(0x000000fcd3cf0000,0x000000fcd3df0000)]
  0x000000fcd327d000 JavaThread "Signal Dispatcher" daemon [_thread_blocked, id=4276, stack(0x000000fcd3ef0000,0x000000fcd3ff0000)]
  0x000000fcd327d800 JavaThread "Attach Listener" daemon [_thread_blocked, id=13868, stack(0x000000fcd3ff0000,0x000000fcd40f0000)]
  0x000000fcd3283000 JavaThread "C2 CompilerThread0" daemon [_thread_blocked, id=3804, stack(0x000000fcd40f0000,0x000000fcd41f0000)]
  0x000000fcd32a1800 JavaThread "C1 CompilerThread0" daemon [_thread_blocked, id=5500, stack(0x000000fcd41f0000,0x000000fcd42f0000)]
  0x000000fcd4308800 JavaThread "Sweeper thread" daemon [_thread_blocked, id=20164, stack(0x000000fcd46f0000,0x000000fcd47f0000)]
  0x000000fcd43c6800 JavaThread "Service Thread" daemon [_thread_blocked, id=20088, stack(0x000000fcd47f0000,0x000000fcd48f0000)]
  0x000000fcd43dc000 JavaThread "Common-Cleaner" daemon [_thread_blocked, id=15064, stack(0x000000fcd49f0000,0x000000fcd4af0000)]
  0x000000fcd4d1d000 JavaThread "Java2D Disposer" daemon [_thread_blocked, id=18376, stack(0x000000fcd5500000,0x000000fcd5600000)]
  0x000000fcd4d3d000 JavaThread "AWT-Shutdown" [_thread_blocked, id=6504, stack(0x000000fcd5600000,0x000000fcd5700000)]
  0x000000fcd4d03000 JavaThread "AWT-Windows" daemon [_thread_in_native, id=16212, stack(0x000000fcd5700000,0x000000fcd5800000)]
  0x000000fcd4da6800 JavaThread "AWT-EventQueue-0" [_thread_blocked, id=15104, stack(0x000000fcd5d10000,0x000000fcd5e10000)]
  0x000000fcb6fc0800 JavaThread "DestroyJavaVM" [_thread_blocked, id=9604, stack(0x000000fcb4ec0000,0x000000fcb4fc0000)]
  0x000000fcd547e800 JavaThread "Animator" [_thread_blocked, id=5144, stack(0x000000fcd5e10000,0x000000fcd5f10000)]
  0x000000fcd4f5b800 JavaThread "LayerManager" [_thread_blocked, id=4348, stack(0x000000fcd71c0000,0x000000fcd72c0000)]
  0x000000fcd503e800 JavaThread "TimerQueue" daemon [_thread_blocked, id=13544, stack(0x000000fcd7ca0000,0x000000fcd7da0000)]
  0x000000fcd4faf000 JavaThread "Swing-Shell" daemon [_thread_blocked, id=8696, stack(0x000000fcd5a00000,0x000000fcd5b00000)]
  0x000000fcd5285800 JavaThread "pool-2-thread-1" [_thread_blocked, id=8384, stack(0x000000fcd9230000,0x000000fcd9330000)]
  0x000000fcd5288000 JavaThread "pool-3-thread-1" [_thread_blocked, id=14948, stack(0x000000fcd5900000,0x000000fcd5a00000)]
  0x000000fcd5289000 JavaThread "pool-3-thread-2" [_thread_blocked, id=12040, stack(0x000000fcda5b0000,0x000000fcda6b0000)]
  0x000000fcd5286800 JavaThread "Thread-8" [_thread_blocked, id=16516, stack(0x000000fcd75c0000,0x000000fcd76c0000)]

Other Threads:
=>0x000000fcd3260000 VMThread "VM Thread" [stack: 0x000000fcd3af0000,0x000000fcd3bf0000] [id=17300]
  0x000000fcd43d1000 WatcherThread [stack: 0x000000fcd48f0000,0x000000fcd49f0000] [id=7984]
  0x000000fcb6fe9000 GCTaskThread "GC Thread#0" [stack: 0x000000fcb6d80000,0x000000fcb6e80000] [id=19984]
  0x000000fcd4faa800 GCTaskThread "GC Thread#1" [stack: 0x000000fcd7da0000,0x000000fcd7ea0000] [id=4724]
  0x000000fcd4fab000 GCTaskThread "GC Thread#2" [stack: 0x000000fcd7ea0000,0x000000fcd7fa0000] [id=8660]
  0x000000fcd4fab800 GCTaskThread "GC Thread#3" [stack: 0x000000fcd7fa0000,0x000000fcd80a0000] [id=18712]
  0x000000fcb6ff0800 ConcurrentGCThread "G1 Main Marker" [stack: 0x000000fcd08b0000,0x000000fcd09b0000] [id=14764]
  0x000000fcb6ff3000 ConcurrentGCThread "G1 Conc#0" [stack: 0x000000fcd09b0000,0x000000fcd0ab0000] [id=8400]
  0x000000fcb7050000 ConcurrentGCThread "G1 Refine#0" [stack: 0x000000fcd2ef0000,0x000000fcd2ff0000] [id=7236]
  0x000000fcd450a800 ConcurrentGCThread "G1 Refine#1" [stack: 0x000000fcd80a0000,0x000000fcd81a0000] [id=8420]
  0x000000fcd4d2d800 ConcurrentGCThread "G1 Refine#2" [stack: 0x000000fcd81a0000,0x000000fcd82a0000] [id=8864]
  0x000000fcd5089800 ConcurrentGCThread "G1 Refine#3" [stack: 0x000000fcd9130000,0x000000fcd9230000] [id=8816]
  0x000000fcb7051800 ConcurrentGCThread "G1 Young RemSet Sampling" [stack: 0x000000fcd2ff0000,0x000000fcd30f0000] [id=13300]

Threads with active compile tasks:
C2 CompilerThread0  5502   !   4       java.awt.DefaultKeyboardFocusManager::dispatchEvent (1616 bytes)

VM state:at safepoint (normal execution)

VM Mutex/Monitor currently owned by a thread:  ([mutex/lock_event])
[0x000000fcb6fbc7f0] Threads_lock - owner thread: 0x000000fcd3260000
[0x000000fcb6fbd570] Heap_lock - owner thread: 0x000000fcb6ff0800

Heap address: 0x00000000c1c00000, size: 996 MB, Compressed Oops mode: 32-bit
Narrow klass base: 0x0000000800000000, Narrow klass shift: 3
Compressed class space size: 1073741824 Address: 0x0000000801190000

Heap:
 garbage-first heap   total 624640K, used 371296K [0x00000000c1c00000, 0x0000000100000000)
  region size 1024K, 78 young (79872K), 2 survivors (2048K)
 Metaspace       used 21724K, capacity 22203K, committed 22400K, reserved 1069056K
  class space    used 2408K, capacity 2581K, committed 2688K, reserved 1048576K
Heap Regions: E=young(eden), S=young(survivor), O=old, HS=humongous(starts), HC=humongous(continues), CS=collection set, F=free, A=archive, TAMS=top-at-mark-start (previous, next)
|   0|0x00000000c1c00000, 0x00000000c1d00000, 0x00000000c1d00000|100%| O|  |TAMS 0x00000000c1d00000, 0x00000000c1c00000| Updating 
|   1|0x00000000c1d00000, 0x00000000c1e00000, 0x00000000c1e00000|100%| O|  |TAMS 0x00000000c1e00000, 0x00000000c1d00000| Updating 
|   2|0x00000000c1e00000, 0x00000000c1f00000, 0x00000000c1f00000|100%|HS|  |TAMS 0x00000000c1f00000, 0x00000000c1e00000| Complete 
|   3|0x00000000c1f00000, 0x00000000c2000000, 0x00000000c2000000|100%|HC|  |TAMS 0x00000000c2000000, 0x00000000c1f00000| Complete 
|   4|0x00000000c2000000, 0x00000000c2100000, 0x00000000c2100000|100%|HC|  |TAMS 0x00000000c2100000, 0x00000000c2000000| Complete 
|   5|0x00000000c2100000, 0x00000000c2200000, 0x00000000c2200000|100%|HC|  |TAMS 0x00000000c2200000, 0x00000000c2100000| Complete 
|   6|0x00000000c2200000, 0x00000000c2300000, 0x00000000c2300000|100%| O|  |TAMS 0x00000000c2300000, 0x00000000c2200000| Updating 
|   7|0x00000000c2300000, 0x00000000c2400000, 0x00000000c2400000|100%| O|  |TAMS 0x00000000c2400000, 0x00000000c2300000| Updating 
|   8|0x00000000c2400000, 0x00000000c2500000, 0x00000000c2500000|100%| O|  |TAMS 0x00000000c2500000, 0x00000000c2400000| Updating 
|   9|0x00000000c2500000, 0x00000000c2600000, 0x00000000c2600000|100%| O|  |TAMS 0x00000000c2600000, 0x00000000c2500000| Updating 
|  10|0x00000000c2600000, 0x00000000c2700000, 0x00000000c2700000|100%| O|  |TAMS 0x00000000c2700000, 0x00000000c2600000| Updating 
|  11|0x00000000c2700000, 0x00000000c2800000, 0x00000000c2800000|100%|HS|  |TAMS 0x00000000c2800000, 0x00000000c2700000| Complete 
|  12|0x00000000c2800000, 0x00000000c2900000, 0x00000000c2900000|100%| O|  |TAMS 0x00000000c2900000, 0x00000000c2800000| Updating 
|  13|0x00000000c2900000, 0x00000000c2a00000, 0x00000000c2a00000|100%| O|  |TAMS 0x00000000c2a00000, 0x00000000c2900000| Updating 
|  14|0x00000000c2a00000, 0x00000000c2b00000, 0x00000000c2b00000|100%| O|  |TAMS 0x00000000c2b00000, 0x00000000c2a00000| Updating 
|  15|0x00000000c2b00000, 0x00000000c2c00000, 0x00000000c2c00000|100%| O|  |TAMS 0x00000000c2c00000, 0x00000000c2b00000| Updating 
|  16|0x00000000c2c00000, 0x00000000c2d00000, 0x00000000c2d00000|100%| O|  |TAMS 0x00000000c2d00000, 0x00000000c2c00000| Updating 
|  17|0x00000000c2d00000, 0x00000000c2e00000, 0x00000000c2e00000|100%| O|  |TAMS 0x00000000c2e00000, 0x00000000c2d00000| Updating 
|  18|0x00000000c2e00000, 0x00000000c2f00000, 0x00000000c2f00000|100%| O|  |TAMS 0x00000000c2f00000, 0x00000000c2e00000| Updating 
|  19|0x00000000c2f00000, 0x00000000c3000000, 0x00000000c3000000|100%| O|  |TAMS 0x00000000c3000000, 0x00000000c2f00000| Updating 
|  20|0x00000000c3000000, 0x00000000c3100000, 0x00000000c3100000|100%| O|  |TAMS 0x00000000c3100000, 0x00000000c3000000| Updating 
|  21|0x00000000c3100000, 0x00000000c3200000, 0x00000000c3200000|100%| O|  |TAMS 0x00000000c3200000, 0x00000000c3100000| Updating 
|  22|0x00000000c3200000, 0x00000000c3300000, 0x00000000c3300000|100%| O|  |TAMS 0x00000000c3300000, 0x00000000c3200000| Updating 
|  23|0x00000000c3300000, 0x00000000c3400000, 0x00000000c3400000|100%| O|  |TAMS 0x00000000c3400000, 0x00000000c3300000| Updating 
|  24|0x00000000c3400000, 0x00000000c3500000, 0x00000000c3500000|100%| O|  |TAMS 0x00000000c3500000, 0x00000000c3400000| Updating 
|  25|0x00000000c3500000, 0x00000000c3600000, 0x00000000c3600000|100%| O|  |TAMS 0x00000000c3600000, 0x00000000c3500000| Updating 
|  26|0x00000000c3600000, 0x00000000c3700000, 0x00000000c3700000|100%| O|  |TAMS 0x00000000c3700000, 0x00000000c3600000| Updating 
|  27|0x00000000c3700000, 0x00000000c3800000, 0x00000000c3800000|100%| O|  |TAMS 0x00000000c3800000, 0x00000000c3700000| Updating 
|  28|0x00000000c3800000, 0x00000000c3900000, 0x00000000c3900000|100%| O|  |TAMS 0x00000000c3900000, 0x00000000c3800000| Updating 
|  29|0x00000000c3900000, 0x00000000c3a00000, 0x00000000c3a00000|100%| O|  |TAMS 0x00000000c3a00000, 0x00000000c3900000| Updating 
|  30|0x00000000c3a00000, 0x00000000c3b00000, 0x00000000c3b00000|100%| O|  |TAMS 0x00000000c3b00000, 0x00000000c3a00000| Updating 
|  31|0x00000000c3b00000, 0x00000000c3c00000, 0x00000000c3c00000|100%| O|  |TAMS 0x00000000c3c00000, 0x00000000c3b00000| Updating 
|  32|0x00000000c3c00000, 0x00000000c3d00000, 0x00000000c3d00000|100%| O|  |TAMS 0x00000000c3d00000, 0x00000000c3c00000| Updating 
|  33|0x00000000c3d00000, 0x00000000c3e00000, 0x00000000c3e00000|100%| O|  |TAMS 0x00000000c3e00000, 0x00000000c3d00000| Updating 
|  34|0x00000000c3e00000, 0x00000000c3f00000, 0x00000000c3f00000|100%| O|  |TAMS 0x00000000c3f00000, 0x00000000c3e00000| Updating 
|  35|0x00000000c3f00000, 0x00000000c4000000, 0x00000000c4000000|100%| O|  |TAMS 0x00000000c4000000, 0x00000000c3f00000| Updating 
|  36|0x00000000c4000000, 0x00000000c4100000, 0x00000000c4100000|100%| O|  |TAMS 0x00000000c4100000, 0x00000000c4000000| Updating 
|  37|0x00000000c4100000, 0x00000000c4200000, 0x00000000c4200000|100%| O|  |TAMS 0x00000000c4200000, 0x00000000c4100000| Updating 
|  38|0x00000000c4200000, 0x00000000c4300000, 0x00000000c4300000|100%| O|  |TAMS 0x00000000c4300000, 0x00000000c4200000| Updating 
|  39|0x00000000c4300000, 0x00000000c4400000, 0x00000000c4400000|100%| O|  |TAMS 0x00000000c4400000, 0x00000000c4300000| Updating 
|  40|0x00000000c4400000, 0x00000000c4500000, 0x00000000c4500000|100%| O|  |TAMS 0x00000000c4500000, 0x00000000c4400000| Updating 
|  41|0x00000000c4500000, 0x00000000c4600000, 0x00000000c4600000|100%| O|  |TAMS 0x00000000c4600000, 0x00000000c4500000| Updating 
|  42|0x00000000c4600000, 0x00000000c4700000, 0x00000000c4700000|100%| O|  |TAMS 0x00000000c4700000, 0x00000000c4600000| Updating 
|  43|0x00000000c4700000, 0x00000000c4800000, 0x00000000c4800000|100%| O|  |TAMS 0x00000000c4800000, 0x00000000c4700000| Updating 
|  44|0x00000000c4800000, 0x00000000c4900000, 0x00000000c4900000|100%| O|  |TAMS 0x00000000c4900000, 0x00000000c4800000| Updating 
|  45|0x00000000c4900000, 0x00000000c4a00000, 0x00000000c4a00000|100%| O|  |TAMS 0x00000000c4a00000, 0x00000000c4900000| Updating 
|  46|0x00000000c4a00000, 0x00000000c4b00000, 0x00000000c4b00000|100%| O|  |TAMS 0x00000000c4b00000, 0x00000000c4a00000| Updating 
|  47|0x00000000c4b00000, 0x00000000c4c00000, 0x00000000c4c00000|100%| O|  |TAMS 0x00000000c4c00000, 0x00000000c4b00000| Updating 
|  48|0x00000000c4c00000, 0x00000000c4d00000, 0x00000000c4d00000|100%| O|  |TAMS 0x00000000c4d00000, 0x00000000c4c00000| Updating 
|  49|0x00000000c4d00000, 0x00000000c4e00000, 0x00000000c4e00000|100%| O|  |TAMS 0x00000000c4e00000, 0x00000000c4d00000| Updating 
|  50|0x00000000c4e00000, 0x00000000c4f00000, 0x00000000c4f00000|100%| O|  |TAMS 0x00000000c4f00000, 0x00000000c4e00000| Updating 
|  51|0x00000000c4f00000, 0x00000000c5000000, 0x00000000c5000000|100%| O|  |TAMS 0x00000000c5000000, 0x00000000c4f00000| Updating 
|  52|0x00000000c5000000, 0x00000000c5100000, 0x00000000c5100000|100%| O|  |TAMS 0x00000000c5100000, 0x00000000c5000000| Updating 
|  53|0x00000000c5100000, 0x00000000c5200000, 0x00000000c5200000|100%| O|  |TAMS 0x00000000c5200000, 0x00000000c5100000| Updating 
|  54|0x00000000c5200000, 0x00000000c5300000, 0x00000000c5300000|100%| O|  |TAMS 0x00000000c5300000, 0x00000000c5200000| Updating 
|  55|0x00000000c5300000, 0x00000000c5400000, 0x00000000c5400000|100%| O|  |TAMS 0x00000000c5400000, 0x00000000c5300000| Updating 
|  56|0x00000000c5400000, 0x00000000c5500000, 0x00000000c5500000|100%| O|  |TAMS 0x00000000c5500000, 0x00000000c5400000| Updating 
|  57|0x00000000c5500000, 0x00000000c5600000, 0x00000000c5600000|100%| O|  |TAMS 0x00000000c5600000, 0x00000000c5500000| Updating 
|  58|0x00000000c5600000, 0x00000000c5700000, 0x00000000c5700000|100%| O|  |TAMS 0x00000000c5700000, 0x00000000c5600000| Updating 
|  59|0x00000000c5700000, 0x00000000c5800000, 0x00000000c5800000|100%| O|  |TAMS 0x00000000c5800000, 0x00000000c5700000| Updating 
|  60|0x00000000c5800000, 0x00000000c5900000, 0x00000000c5900000|100%| O|  |TAMS 0x00000000c5900000, 0x00000000c5800000| Updating 
|  61|0x00000000c5900000, 0x00000000c5a00000, 0x00000000c5a00000|100%| O|  |TAMS 0x00000000c5a00000, 0x00000000c5900000| Updating 
|  62|0x00000000c5a00000, 0x00000000c5b00000, 0x00000000c5b00000|100%| O|  |TAMS 0x00000000c5b00000, 0x00000000c5a00000| Updating 
|  63|0x00000000c5b00000, 0x00000000c5c00000, 0x00000000c5c00000|100%| O|  |TAMS 0x00000000c5c00000, 0x00000000c5b00000| Updating 
|  64|0x00000000c5c00000, 0x00000000c5d00000, 0x00000000c5d00000|100%| O|  |TAMS 0x00000000c5d00000, 0x00000000c5c00000| Updating 
|  65|0x00000000c5d00000, 0x00000000c5e00000, 0x00000000c5e00000|100%| O|  |TAMS 0x00000000c5e00000, 0x00000000c5d00000| Updating 
|  66|0x00000000c5e00000, 0x00000000c5f00000, 0x00000000c5f00000|100%| O|  |TAMS 0x00000000c5f00000, 0x00000000c5e00000| Updating 
|  67|0x00000000c5f00000, 0x00000000c6000000, 0x00000000c6000000|100%| O|  |TAMS 0x00000000c6000000, 0x00000000c5f00000| Updating 
|  68|0x00000000c6000000, 0x00000000c6100000, 0x00000000c6100000|100%| O|  |TAMS 0x00000000c6100000, 0x00000000c6000000| Updating 
|  69|0x00000000c6100000, 0x00000000c6200000, 0x00000000c6200000|100%| O|  |TAMS 0x00000000c6200000, 0x00000000c6100000| Updating 
|  70|0x00000000c6200000, 0x00000000c6300000, 0x00000000c6300000|100%| O|  |TAMS 0x00000000c6300000, 0x00000000c6200000| Updating 
|  71|0x00000000c6300000, 0x00000000c6400000, 0x00000000c6400000|100%| O|  |TAMS 0x00000000c6400000, 0x00000000c6300000| Updating 
|  72|0x00000000c6400000, 0x00000000c6500000, 0x00000000c6500000|100%| O|  |TAMS 0x00000000c6500000, 0x00000000c6400000| Updating 
|  73|0x00000000c6500000, 0x00000000c6600000, 0x00000000c6600000|100%|HS|  |TAMS 0x00000000c6600000, 0x00000000c6500000| Complete 
|  74|0x00000000c6600000, 0x00000000c6700000, 0x00000000c6700000|100%|HC|  |TAMS 0x00000000c6700000, 0x00000000c6600000| Complete 
|  75|0x00000000c6700000, 0x00000000c6800000, 0x00000000c6800000|100%|HC|  |TAMS 0x00000000c6800000, 0x00000000c6700000| Complete 
|  76|0x00000000c6800000, 0x00000000c6900000, 0x00000000c6900000|100%|HC|  |TAMS 0x00000000c6900000, 0x00000000c6800000| Complete 
|  77|0x00000000c6900000, 0x00000000c6a00000, 0x00000000c6a00000|100%|HC|  |TAMS 0x00000000c6a00000, 0x00000000c6900000| Complete 
|  78|0x00000000c6a00000, 0x00000000c6b00000, 0x00000000c6b00000|100%|HC|  |TAMS 0x00000000c6b00000, 0x00000000c6a00000| Complete 
|  79|0x00000000c6b00000, 0x00000000c6c00000, 0x00000000c6c00000|100%|HC|  |TAMS 0x00000000c6c00000, 0x00000000c6b00000| Complete 
|  80|0x00000000c6c00000, 0x00000000c6d00000, 0x00000000c6d00000|100%|HC|  |TAMS 0x00000000c6d00000, 0x00000000c6c00000| Complete 
|  81|0x00000000c6d00000, 0x00000000c6e00000, 0x00000000c6e00000|100%|HC|  |TAMS 0x00000000c6e00000, 0x00000000c6d00000| Complete 
|  82|0x00000000c6e00000, 0x00000000c6f00000, 0x00000000c6f00000|100%|HC|  |TAMS 0x00000000c6f00000, 0x00000000c6e00000| Complete 
|  83|0x00000000c6f00000, 0x00000000c7000000, 0x00000000c7000000|100%|HC|  |TAMS 0x00000000c7000000, 0x00000000c6f00000| Complete 
|  84|0x00000000c7000000, 0x00000000c7100000, 0x00000000c7100000|100%|HC|  |TAMS 0x00000000c7100000, 0x00000000c7000000| Complete 
|  85|0x00000000c7100000, 0x00000000c7200000, 0x00000000c7200000|100%|HS|  |TAMS 0x00000000c7200000, 0x00000000c7100000| Complete 
|  86|0x00000000c7200000, 0x00000000c7300000, 0x00000000c7300000|100%|HC|  |TAMS 0x00000000c7300000, 0x00000000c7200000| Complete 
|  87|0x00000000c7300000, 0x00000000c7400000, 0x00000000c7400000|100%|HC|  |TAMS 0x00000000c7400000, 0x00000000c7300000| Complete 
|  88|0x00000000c7400000, 0x00000000c7500000, 0x00000000c7500000|100%|HC|  |TAMS 0x00000000c7500000, 0x00000000c7400000| Complete 
|  89|0x00000000c7500000, 0x00000000c7600000, 0x00000000c7600000|100%|HS|  |TAMS 0x00000000c7600000, 0x00000000c7500000| Complete 
|  90|0x00000000c7600000, 0x00000000c7700000, 0x00000000c7700000|100%|HC|  |TAMS 0x00000000c7700000, 0x00000000c7600000| Complete 
|  91|0x00000000c7700000, 0x00000000c7800000, 0x00000000c7800000|100%|HC|  |TAMS 0x00000000c7800000, 0x00000000c7700000| Complete 
|  92|0x00000000c7800000, 0x00000000c7900000, 0x00000000c7900000|100%|HC|  |TAMS 0x00000000c7900000, 0x00000000c7800000| Complete 
|  93|0x00000000c7900000, 0x00000000c7a00000, 0x00000000c7a00000|100%| O|  |TAMS 0x00000000c7a00000, 0x00000000c7900000| Updating 
|  94|0x00000000c7a00000, 0x00000000c7b00000, 0x00000000c7b00000|100%| O|  |TAMS 0x00000000c7b00000, 0x00000000c7a00000| Updating 
|  95|0x00000000c7b00000, 0x00000000c7c00000, 0x00000000c7c00000|100%| O|  |TAMS 0x00000000c7c00000, 0x00000000c7b00000| Updating 
|  96|0x00000000c7c00000, 0x00000000c7d00000, 0x00000000c7d00000|100%| O|  |TAMS 0x00000000c7d00000, 0x00000000c7c00000| Updating 
|  97|0x00000000c7d00000, 0x00000000c7e00000, 0x00000000c7e00000|100%| O|  |TAMS 0x00000000c7e00000, 0x00000000c7d00000| Updating 
|  98|0x00000000c7e00000, 0x00000000c7f00000, 0x00000000c7f00000|100%| O|  |TAMS 0x00000000c7f00000, 0x00000000c7e00000| Updating 
|  99|0x00000000c7f00000, 0x00000000c8000000, 0x00000000c8000000|100%| O|  |TAMS 0x00000000c8000000, 0x00000000c7f00000| Updating 
| 100|0x00000000c8000000, 0x00000000c8100000, 0x00000000c8100000|100%|HS|  |TAMS 0x00000000c8100000, 0x00000000c8000000| Complete 
| 101|0x00000000c8100000, 0x00000000c8200000, 0x00000000c8200000|100%|HC|  |TAMS 0x00000000c8200000, 0x00000000c8100000| Complete 
| 102|0x00000000c8200000, 0x00000000c8300000, 0x00000000c8300000|100%|HS|  |TAMS 0x00000000c8300000, 0x00000000c8200000| Complete 
| 103|0x00000000c8300000, 0x00000000c8400000, 0x00000000c8400000|100%|HC|  |TAMS 0x00000000c8400000, 0x00000000c8300000| Complete 
| 104|0x00000000c8400000, 0x00000000c8500000, 0x00000000c8500000|100%|HS|  |TAMS 0x00000000c8500000, 0x00000000c8400000| Complete 
| 105|0x00000000c8500000, 0x00000000c8600000, 0x00000000c8600000|100%|HC|  |TAMS 0x00000000c8600000, 0x00000000c8500000| Complete 
| 106|0x00000000c8600000, 0x00000000c8700000, 0x00000000c8700000|100%|HS|  |TAMS 0x00000000c8700000, 0x00000000c8600000| Complete 
| 107|0x00000000c8700000, 0x00000000c8800000, 0x00000000c8800000|100%|HC|  |TAMS 0x00000000c8800000, 0x00000000c8700000| Complete 
| 108|0x00000000c8800000, 0x00000000c8900000, 0x00000000c8900000|100%|HS|  |TAMS 0x00000000c8900000, 0x00000000c8800000| Complete 
| 109|0x00000000c8900000, 0x00000000c8a00000, 0x00000000c8a00000|100%|HC|  |TAMS 0x00000000c8a00000, 0x00000000c8900000| Complete 
| 110|0x00000000c8a00000, 0x00000000c8b00000, 0x00000000c8b00000|100%|HS|  |TAMS 0x00000000c8b00000, 0x00000000c8a00000| Complete 
| 111|0x00000000c8b00000, 0x00000000c8c00000, 0x00000000c8c00000|100%|HC|  |TAMS 0x00000000c8c00000, 0x00000000c8b00000| Complete 
| 112|0x00000000c8c00000, 0x00000000c8d00000, 0x00000000c8d00000|100%|HS|  |TAMS 0x00000000c8d00000, 0x00000000c8c00000| Complete 
| 113|0x00000000c8d00000, 0x00000000c8e00000, 0x00000000c8e00000|100%|HC|  |TAMS 0x00000000c8e00000, 0x00000000c8d00000| Complete 
| 114|0x00000000c8e00000, 0x00000000c8f00000, 0x00000000c8f00000|100%|HS|  |TAMS 0x00000000c8f00000, 0x00000000c8e00000| Complete 
| 115|0x00000000c8f00000, 0x00000000c9000000, 0x00000000c9000000|100%|HC|  |TAMS 0x00000000c9000000, 0x00000000c8f00000| Complete 
| 116|0x00000000c9000000, 0x00000000c9000000, 0x00000000c9100000|  0%| F|  |TAMS 0x00000000c9000000, 0x00000000c9000000| Untracked 
| 117|0x00000000c9100000, 0x00000000c9100000, 0x00000000c9200000|  0%| F|  |TAMS 0x00000000c9100000, 0x00000000c9100000| Untracked 
| 118|0x00000000c9200000, 0x00000000c9300000, 0x00000000c9300000|100%|HS|  |TAMS 0x00000000c9300000, 0x00000000c9200000| Complete 
| 119|0x00000000c9300000, 0x00000000c9400000, 0x00000000c9400000|100%|HS|  |TAMS 0x00000000c9400000, 0x00000000c9300000| Complete 
| 120|0x00000000c9400000, 0x00000000c9500000, 0x00000000c9500000|100%| O|  |TAMS 0x00000000c9500000, 0x00000000c9400000| Updating 
| 121|0x00000000c9500000, 0x00000000c9600000, 0x00000000c9600000|100%| O|  |TAMS 0x00000000c9600000, 0x00000000c9500000| Updating 
| 122|0x00000000c9600000, 0x00000000c9600000, 0x00000000c9700000|  0%| F|  |TAMS 0x00000000c9600000, 0x00000000c9600000| Untracked 
| 123|0x00000000c9700000, 0x00000000c9800000, 0x00000000c9800000|100%| O|  |TAMS 0x00000000c9800000, 0x00000000c9700000| Updating 
| 124|0x00000000c9800000, 0x00000000c9900000, 0x00000000c9900000|100%| O|  |TAMS 0x00000000c9900000, 0x00000000c9800000| Updating 
| 125|0x00000000c9900000, 0x00000000c9a00000, 0x00000000c9a00000|100%| O|  |TAMS 0x00000000c9a00000, 0x00000000c9900000| Updating 
| 126|0x00000000c9a00000, 0x00000000c9b00000, 0x00000000c9b00000|100%| O|  |TAMS 0x00000000c9b00000, 0x00000000c9a00000| Updating 
| 127|0x00000000c9b00000, 0x00000000c9c00000, 0x00000000c9c00000|100%| O|  |TAMS 0x00000000c9c00000, 0x00000000c9b00000| Updating 
| 128|0x00000000c9c00000, 0x00000000c9d00000, 0x00000000c9d00000|100%| O|  |TAMS 0x00000000c9d00000, 0x00000000c9c00000| Updating 
| 129|0x00000000c9d00000, 0x00000000c9e00000, 0x00000000c9e00000|100%| O|  |TAMS 0x00000000c9e00000, 0x00000000c9d00000| Updating 
| 130|0x00000000c9e00000, 0x00000000c9f00000, 0x00000000c9f00000|100%|HS|  |TAMS 0x00000000c9f00000, 0x00000000c9e00000| Complete 
| 131|0x00000000c9f00000, 0x00000000ca000000, 0x00000000ca000000|100%| O|  |TAMS 0x00000000ca000000, 0x00000000c9f00000| Updating 
| 132|0x00000000ca000000, 0x00000000ca07ae00, 0x00000000ca100000| 47%| O|  |TAMS 0x00000000ca06ec00, 0x00000000ca000000| Updating 
| 133|0x00000000ca100000, 0x00000000ca200000, 0x00000000ca200000|100%|HS|  |TAMS 0x00000000ca100000, 0x00000000ca100000| Complete 
| 134|0x00000000ca200000, 0x00000000ca300000, 0x00000000ca300000|100%|HS|  |TAMS 0x00000000ca200000, 0x00000000ca200000| Complete 
| 135|0x00000000ca300000, 0x00000000ca400000, 0x00000000ca400000|100%|HS|  |TAMS 0x00000000ca300000, 0x00000000ca300000| Complete 
| 136|0x00000000ca400000, 0x00000000ca500000, 0x00000000ca500000|100%|HS|  |TAMS 0x00000000ca400000, 0x00000000ca400000| Complete 
| 137|0x00000000ca500000, 0x00000000ca600000, 0x00000000ca600000|100%|HS|  |TAMS 0x00000000ca500000, 0x00000000ca500000| Complete 
| 138|0x00000000ca600000, 0x00000000ca700000, 0x00000000ca700000|100%|HS|  |TAMS 0x00000000ca600000, 0x00000000ca600000| Complete 
| 139|0x00000000ca700000, 0x00000000ca800000, 0x00000000ca800000|100%|HS|  |TAMS 0x00000000ca700000, 0x00000000ca700000| Complete 
| 140|0x00000000ca800000, 0x00000000ca900000, 0x00000000ca900000|100%|HS|  |TAMS 0x00000000ca800000, 0x00000000ca800000| Complete 
| 141|0x00000000ca900000, 0x00000000caa00000, 0x00000000caa00000|100%|HS|  |TAMS 0x00000000ca900000, 0x00000000ca900000| Complete 
| 142|0x00000000caa00000, 0x00000000cab00000, 0x00000000cab00000|100%|HS|  |TAMS 0x00000000caa00000, 0x00000000caa00000| Complete 
| 143|0x00000000cab00000, 0x00000000cac00000, 0x00000000cac00000|100%|HS|  |TAMS 0x00000000cab00000, 0x00000000cab00000| Complete 
| 144|0x00000000cac00000, 0x00000000cad00000, 0x00000000cad00000|100%|HS|  |TAMS 0x00000000cac00000, 0x00000000cac00000| Complete 
| 145|0x00000000cad00000, 0x00000000cae00000, 0x00000000cae00000|100%|HS|  |TAMS 0x00000000cad00000, 0x00000000cad00000| Complete 
| 146|0x00000000cae00000, 0x00000000caf00000, 0x00000000caf00000|100%|HS|  |TAMS 0x00000000cae00000, 0x00000000cae00000| Complete 
| 147|0x00000000caf00000, 0x00000000cb000000, 0x00000000cb000000|100%|HS|  |TAMS 0x00000000caf00000, 0x00000000caf00000| Complete 
| 148|0x00000000cb000000, 0x00000000cb100000, 0x00000000cb100000|100%|HS|  |TAMS 0x00000000cb000000, 0x00000000cb000000| Complete 
| 149|0x00000000cb100000, 0x00000000cb200000, 0x00000000cb200000|100%|HS|  |TAMS 0x00000000cb100000, 0x00000000cb100000| Complete 
| 150|0x00000000cb200000, 0x00000000cb300000, 0x00000000cb300000|100%|HS|  |TAMS 0x00000000cb200000, 0x00000000cb200000| Complete 
| 151|0x00000000cb300000, 0x00000000cb400000, 0x00000000cb400000|100%|HS|  |TAMS 0x00000000cb300000, 0x00000000cb300000| Complete 
| 152|0x00000000cb400000, 0x00000000cb500000, 0x00000000cb500000|100%|HS|  |TAMS 0x00000000cb400000, 0x00000000cb400000| Complete 
| 153|0x00000000cb500000, 0x00000000cb600000, 0x00000000cb600000|100%|HS|  |TAMS 0x00000000cb500000, 0x00000000cb500000| Complete 
| 154|0x00000000cb600000, 0x00000000cb700000, 0x00000000cb700000|100%|HS|  |TAMS 0x00000000cb600000, 0x00000000cb600000| Complete 
| 155|0x00000000cb700000, 0x00000000cb800000, 0x00000000cb800000|100%|HS|  |TAMS 0x00000000cb700000, 0x00000000cb700000| Complete 
| 156|0x00000000cb800000, 0x00000000cb900000, 0x00000000cb900000|100%|HS|  |TAMS 0x00000000cb800000, 0x00000000cb800000| Complete 
| 157|0x00000000cb900000, 0x00000000cba00000, 0x00000000cba00000|100%|HS|  |TAMS 0x00000000cb900000, 0x00000000cb900000| Complete 
| 158|0x00000000cba00000, 0x00000000cbb00000, 0x00000000cbb00000|100%|HS|  |TAMS 0x00000000cba00000, 0x00000000cba00000| Complete 
| 159|0x00000000cbb00000, 0x00000000cbc00000, 0x00000000cbc00000|100%|HS|  |TAMS 0x00000000cbb00000, 0x00000000cbb00000| Complete 
| 160|0x00000000cbc00000, 0x00000000cbd00000, 0x00000000cbd00000|100%|HS|  |TAMS 0x00000000cbc00000, 0x00000000cbc00000| Complete 
| 161|0x00000000cbd00000, 0x00000000cbe00000, 0x00000000cbe00000|100%|HS|  |TAMS 0x00000000cbd00000, 0x00000000cbd00000| Complete 
| 162|0x00000000cbe00000, 0x00000000cbf00000, 0x00000000cbf00000|100%|HS|  |TAMS 0x00000000cbe00000, 0x00000000cbe00000| Complete 
| 163|0x00000000cbf00000, 0x00000000cc000000, 0x00000000cc000000|100%|HS|  |TAMS 0x00000000cbf00000, 0x00000000cbf00000| Complete 
| 164|0x00000000cc000000, 0x00000000cc100000, 0x00000000cc100000|100%|HS|  |TAMS 0x00000000cc000000, 0x00000000cc000000| Complete 
| 165|0x00000000cc100000, 0x00000000cc200000, 0x00000000cc200000|100%|HS|  |TAMS 0x00000000cc100000, 0x00000000cc100000| Complete 
| 166|0x00000000cc200000, 0x00000000cc300000, 0x00000000cc300000|100%|HS|  |TAMS 0x00000000cc200000, 0x00000000cc200000| Complete 
| 167|0x00000000cc300000, 0x00000000cc400000, 0x00000000cc400000|100%|HS|  |TAMS 0x00000000cc300000, 0x00000000cc300000| Complete 
| 168|0x00000000cc400000, 0x00000000cc500000, 0x00000000cc500000|100%|HS|  |TAMS 0x00000000cc400000, 0x00000000cc400000| Complete 
| 169|0x00000000cc500000, 0x00000000cc600000, 0x00000000cc600000|100%|HS|  |TAMS 0x00000000cc500000, 0x00000000cc500000| Complete 
| 170|0x00000000cc600000, 0x00000000cc700000, 0x00000000cc700000|100%|HS|  |TAMS 0x00000000cc600000, 0x00000000cc600000| Complete 
| 171|0x00000000cc700000, 0x00000000cc800000, 0x00000000cc800000|100%|HS|  |TAMS 0x00000000cc700000, 0x00000000cc700000| Complete 
| 172|0x00000000cc800000, 0x00000000cc81d520, 0x00000000cc900000| 11%| S|CS|TAMS 0x00000000cc800000, 0x00000000cc800000| Complete 
| 173|0x00000000cc900000, 0x00000000cca00000, 0x00000000cca00000|100%|HS|  |TAMS 0x00000000cc900000, 0x00000000cc900000| Complete 
| 174|0x00000000cca00000, 0x00000000ccb00000, 0x00000000ccb00000|100%| S|CS|TAMS 0x00000000cca00000, 0x00000000cca00000| Complete 
| 175|0x00000000ccb00000, 0x00000000ccc00000, 0x00000000ccc00000|100%|HS|  |TAMS 0x00000000ccb00000, 0x00000000ccb00000| Complete 
| 176|0x00000000ccc00000, 0x00000000ccd00000, 0x00000000ccd00000|100%|HS|  |TAMS 0x00000000ccc00000, 0x00000000ccc00000| Complete 
| 177|0x00000000ccd00000, 0x00000000cce00000, 0x00000000cce00000|100%|HS|  |TAMS 0x00000000ccd00000, 0x00000000ccd00000| Complete 
| 178|0x00000000cce00000, 0x00000000ccf00000, 0x00000000ccf00000|100%|HS|  |TAMS 0x00000000cce00000, 0x00000000cce00000| Complete 
| 179|0x00000000ccf00000, 0x00000000cd000000, 0x00000000cd000000|100%|HS|  |TAMS 0x00000000ccf00000, 0x00000000ccf00000| Complete 
| 180|0x00000000cd000000, 0x00000000cd100000, 0x00000000cd100000|100%|HS|  |TAMS 0x00000000cd000000, 0x00000000cd000000| Complete 
| 181|0x00000000cd100000, 0x00000000cd200000, 0x00000000cd200000|100%|HS|  |TAMS 0x00000000cd100000, 0x00000000cd100000| Complete 
| 182|0x00000000cd200000, 0x00000000cd300000, 0x00000000cd300000|100%|HS|  |TAMS 0x00000000cd200000, 0x00000000cd200000| Complete 
| 183|0x00000000cd300000, 0x00000000cd400000, 0x00000000cd400000|100%|HS|  |TAMS 0x00000000cd300000, 0x00000000cd300000| Complete 
| 184|0x00000000cd400000, 0x00000000cd500000, 0x00000000cd500000|100%|HS|  |TAMS 0x00000000cd400000, 0x00000000cd400000| Complete 
| 185|0x00000000cd500000, 0x00000000cd600000, 0x00000000cd600000|100%|HS|  |TAMS 0x00000000cd500000, 0x00000000cd500000| Complete 
| 186|0x00000000cd600000, 0x00000000cd700000, 0x00000000cd700000|100%|HS|  |TAMS 0x00000000cd600000, 0x00000000cd600000| Complete 
| 187|0x00000000cd700000, 0x00000000cd800000, 0x00000000cd800000|100%|HS|  |TAMS 0x00000000cd700000, 0x00000000cd700000| Complete 
| 188|0x00000000cd800000, 0x00000000cd900000, 0x00000000cd900000|100%|HS|  |TAMS 0x00000000cd800000, 0x00000000cd800000| Complete 
| 189|0x00000000cd900000, 0x00000000cda00000, 0x00000000cda00000|100%|HS|  |TAMS 0x00000000cd900000, 0x00000000cd900000| Complete 
| 190|0x00000000cda00000, 0x00000000cdb00000, 0x00000000cdb00000|100%|HS|  |TAMS 0x00000000cda00000, 0x00000000cda00000| Complete 
| 191|0x00000000cdb00000, 0x00000000cdc00000, 0x00000000cdc00000|100%|HS|  |TAMS 0x00000000cdb00000, 0x00000000cdb00000| Complete 
| 192|0x00000000cdc00000, 0x00000000cdd00000, 0x00000000cdd00000|100%|HS|  |TAMS 0x00000000cdc00000, 0x00000000cdc00000| Complete 
| 193|0x00000000cdd00000, 0x00000000cde00000, 0x00000000cde00000|100%|HS|  |TAMS 0x00000000cdd00000, 0x00000000cdd00000| Complete 
| 194|0x00000000cde00000, 0x00000000cdf00000, 0x00000000cdf00000|100%|HS|  |TAMS 0x00000000cde00000, 0x00000000cde00000| Complete 
| 195|0x00000000cdf00000, 0x00000000ce000000, 0x00000000ce000000|100%|HS|  |TAMS 0x00000000cdf00000, 0x00000000cdf00000| Complete 
| 196|0x00000000ce000000, 0x00000000ce100000, 0x00000000ce100000|100%|HS|  |TAMS 0x00000000ce000000, 0x00000000ce000000| Complete 
| 197|0x00000000ce100000, 0x00000000ce200000, 0x00000000ce200000|100%|HS|  |TAMS 0x00000000ce100000, 0x00000000ce100000| Complete 
| 198|0x00000000ce200000, 0x00000000ce300000, 0x00000000ce300000|100%|HS|  |TAMS 0x00000000ce200000, 0x00000000ce200000| Complete 
| 199|0x00000000ce300000, 0x00000000ce400000, 0x00000000ce400000|100%|HS|  |TAMS 0x00000000ce300000, 0x00000000ce300000| Complete 
| 200|0x00000000ce400000, 0x00000000ce500000, 0x00000000ce500000|100%|HS|  |TAMS 0x00000000ce400000, 0x00000000ce400000| Complete 
| 201|0x00000000ce500000, 0x00000000ce600000, 0x00000000ce600000|100%|HS|  |TAMS 0x00000000ce500000, 0x00000000ce500000| Complete 
| 202|0x00000000ce600000, 0x00000000ce700000, 0x00000000ce700000|100%|HS|  |TAMS 0x00000000ce600000, 0x00000000ce600000| Complete 
| 203|0x00000000ce700000, 0x00000000ce800000, 0x00000000ce800000|100%|HS|  |TAMS 0x00000000ce700000, 0x00000000ce700000| Complete 
| 204|0x00000000ce800000, 0x00000000ce900000, 0x00000000ce900000|100%|HS|  |TAMS 0x00000000ce800000, 0x00000000ce800000| Complete 
| 205|0x00000000ce900000, 0x00000000cea00000, 0x00000000cea00000|100%|HS|  |TAMS 0x00000000ce900000, 0x00000000ce900000| Complete 
| 206|0x00000000cea00000, 0x00000000ceb00000, 0x00000000ceb00000|100%|HS|  |TAMS 0x00000000cea00000, 0x00000000cea00000| Complete 
| 207|0x00000000ceb00000, 0x00000000cec00000, 0x00000000cec00000|100%|HS|  |TAMS 0x00000000ceb00000, 0x00000000ceb00000| Complete 
| 208|0x00000000cec00000, 0x00000000ced00000, 0x00000000ced00000|100%|HS|  |TAMS 0x00000000cec00000, 0x00000000cec00000| Complete 
| 209|0x00000000ced00000, 0x00000000cee00000, 0x00000000cee00000|100%|HS|  |TAMS 0x00000000ced00000, 0x00000000ced00000| Complete 
| 210|0x00000000cee00000, 0x00000000cef00000, 0x00000000cef00000|100%|HS|  |TAMS 0x00000000cee00000, 0x00000000cee00000| Complete 
| 211|0x00000000cef00000, 0x00000000cf000000, 0x00000000cf000000|100%|HS|  |TAMS 0x00000000cef00000, 0x00000000cef00000| Complete 
| 212|0x00000000cf000000, 0x00000000cf100000, 0x00000000cf100000|100%|HS|  |TAMS 0x00000000cf000000, 0x00000000cf000000| Complete 
| 213|0x00000000cf100000, 0x00000000cf200000, 0x00000000cf200000|100%|HS|  |TAMS 0x00000000cf100000, 0x00000000cf100000| Complete 
| 214|0x00000000cf200000, 0x00000000cf300000, 0x00000000cf300000|100%|HS|  |TAMS 0x00000000cf200000, 0x00000000cf200000| Complete 
| 215|0x00000000cf300000, 0x00000000cf400000, 0x00000000cf400000|100%|HS|  |TAMS 0x00000000cf300000, 0x00000000cf300000| Complete 
| 216|0x00000000cf400000, 0x00000000cf500000, 0x00000000cf500000|100%|HS|  |TAMS 0x00000000cf400000, 0x00000000cf400000| Complete 
| 217|0x00000000cf500000, 0x00000000cf600000, 0x00000000cf600000|100%|HS|  |TAMS 0x00000000cf500000, 0x00000000cf500000| Complete 
| 218|0x00000000cf600000, 0x00000000cf700000, 0x00000000cf700000|100%|HS|  |TAMS 0x00000000cf600000, 0x00000000cf600000| Complete 
| 219|0x00000000cf700000, 0x00000000cf800000, 0x00000000cf800000|100%|HS|  |TAMS 0x00000000cf700000, 0x00000000cf700000| Complete 
| 220|0x00000000cf800000, 0x00000000cf900000, 0x00000000cf900000|100%|HS|  |TAMS 0x00000000cf800000, 0x00000000cf800000| Complete 
| 221|0x00000000cf900000, 0x00000000cfa00000, 0x00000000cfa00000|100%|HS|  |TAMS 0x00000000cf900000, 0x00000000cf900000| Complete 
| 222|0x00000000cfa00000, 0x00000000cfb00000, 0x00000000cfb00000|100%|HS|  |TAMS 0x00000000cfa00000, 0x00000000cfa00000| Complete 
| 223|0x00000000cfb00000, 0x00000000cfc00000, 0x00000000cfc00000|100%|HS|  |TAMS 0x00000000cfb00000, 0x00000000cfb00000| Complete 
| 224|0x00000000cfc00000, 0x00000000cfd00000, 0x00000000cfd00000|100%|HS|  |TAMS 0x00000000cfc00000, 0x00000000cfc00000| Complete 
| 225|0x00000000cfd00000, 0x00000000cfe00000, 0x00000000cfe00000|100%|HS|  |TAMS 0x00000000cfd00000, 0x00000000cfd00000| Complete 
| 226|0x00000000cfe00000, 0x00000000cff00000, 0x00000000cff00000|100%|HS|  |TAMS 0x00000000cfe00000, 0x00000000cfe00000| Complete 
| 227|0x00000000cff00000, 0x00000000d0000000, 0x00000000d0000000|100%|HS|  |TAMS 0x00000000cff00000, 0x00000000cff00000| Complete 
| 228|0x00000000d0000000, 0x00000000d0100000, 0x00000000d0100000|100%|HS|  |TAMS 0x00000000d0000000, 0x00000000d0000000| Complete 
| 229|0x00000000d0100000, 0x00000000d0200000, 0x00000000d0200000|100%|HS|  |TAMS 0x00000000d0100000, 0x00000000d0100000| Complete 
| 230|0x00000000d0200000, 0x00000000d0300000, 0x00000000d0300000|100%|HS|  |TAMS 0x00000000d0200000, 0x00000000d0200000| Complete 
| 231|0x00000000d0300000, 0x00000000d0400000, 0x00000000d0400000|100%|HS|  |TAMS 0x00000000d0300000, 0x00000000d0300000| Complete 
| 232|0x00000000d0400000, 0x00000000d0500000, 0x00000000d0500000|100%|HS|  |TAMS 0x00000000d0400000, 0x00000000d0400000| Complete 
| 233|0x00000000d0500000, 0x00000000d0600000, 0x00000000d0600000|100%|HS|  |TAMS 0x00000000d0500000, 0x00000000d0500000| Complete 
| 234|0x00000000d0600000, 0x00000000d0700000, 0x00000000d0700000|100%|HS|  |TAMS 0x00000000d0600000, 0x00000000d0600000| Complete 
| 235|0x00000000d0700000, 0x00000000d0800000, 0x00000000d0800000|100%|HS|  |TAMS 0x00000000d0700000, 0x00000000d0700000| Complete 
| 236|0x00000000d0800000, 0x00000000d0900000, 0x00000000d0900000|100%|HS|  |TAMS 0x00000000d0800000, 0x00000000d0800000| Complete 
| 237|0x00000000d0900000, 0x00000000d0a00000, 0x00000000d0a00000|100%|HS|  |TAMS 0x00000000d0900000, 0x00000000d0900000| Complete 
| 238|0x00000000d0a00000, 0x00000000d0b00000, 0x00000000d0b00000|100%|HS|  |TAMS 0x00000000d0a00000, 0x00000000d0a00000| Complete 
| 239|0x00000000d0b00000, 0x00000000d0c00000, 0x00000000d0c00000|100%|HS|  |TAMS 0x00000000d0b00000, 0x00000000d0b00000| Complete 
| 240|0x00000000d0c00000, 0x00000000d0d00000, 0x00000000d0d00000|100%|HS|  |TAMS 0x00000000d0c00000, 0x00000000d0c00000| Complete 
| 241|0x00000000d0d00000, 0x00000000d0e00000, 0x00000000d0e00000|100%|HS|  |TAMS 0x00000000d0d00000, 0x00000000d0d00000| Complete 
| 242|0x00000000d0e00000, 0x00000000d0f00000, 0x00000000d0f00000|100%|HS|  |TAMS 0x00000000d0e00000, 0x00000000d0e00000| Complete 
| 243|0x00000000d0f00000, 0x00000000d1000000, 0x00000000d1000000|100%|HS|  |TAMS 0x00000000d0f00000, 0x00000000d0f00000| Complete 
| 244|0x00000000d1000000, 0x00000000d1100000, 0x00000000d1100000|100%|HS|  |TAMS 0x00000000d1000000, 0x00000000d1000000| Complete 
| 245|0x00000000d1100000, 0x00000000d1200000, 0x00000000d1200000|100%|HS|  |TAMS 0x00000000d1100000, 0x00000000d1100000| Complete 
| 246|0x00000000d1200000, 0x00000000d1300000, 0x00000000d1300000|100%|HS|  |TAMS 0x00000000d1200000, 0x00000000d1200000| Complete 
| 247|0x00000000d1300000, 0x00000000d1400000, 0x00000000d1400000|100%|HS|  |TAMS 0x00000000d1300000, 0x00000000d1300000| Complete 
| 248|0x00000000d1400000, 0x00000000d1500000, 0x00000000d1500000|100%|HS|  |TAMS 0x00000000d1400000, 0x00000000d1400000| Complete 
| 249|0x00000000d1500000, 0x00000000d1600000, 0x00000000d1600000|100%|HS|  |TAMS 0x00000000d1500000, 0x00000000d1500000| Complete 
| 250|0x00000000d1600000, 0x00000000d1700000, 0x00000000d1700000|100%|HS|  |TAMS 0x00000000d1600000, 0x00000000d1600000| Complete 
| 251|0x00000000d1700000, 0x00000000d1800000, 0x00000000d1800000|100%|HS|  |TAMS 0x00000000d1700000, 0x00000000d1700000| Complete 
| 252|0x00000000d1800000, 0x00000000d1900000, 0x00000000d1900000|100%|HS|  |TAMS 0x00000000d1800000, 0x00000000d1800000| Complete 
| 253|0x00000000d1900000, 0x00000000d1a00000, 0x00000000d1a00000|100%|HS|  |TAMS 0x00000000d1900000, 0x00000000d1900000| Complete 
| 254|0x00000000d1a00000, 0x00000000d1b00000, 0x00000000d1b00000|100%|HS|  |TAMS 0x00000000d1a00000, 0x00000000d1a00000| Complete 
| 255|0x00000000d1b00000, 0x00000000d1c00000, 0x00000000d1c00000|100%|HS|  |TAMS 0x00000000d1b00000, 0x00000000d1b00000| Complete 
| 256|0x00000000d1c00000, 0x00000000d1d00000, 0x00000000d1d00000|100%|HS|  |TAMS 0x00000000d1c00000, 0x00000000d1c00000| Complete 
| 257|0x00000000d1d00000, 0x00000000d1e00000, 0x00000000d1e00000|100%|HS|  |TAMS 0x00000000d1d00000, 0x00000000d1d00000| Complete 
| 258|0x00000000d1e00000, 0x00000000d1f00000, 0x00000000d1f00000|100%|HS|  |TAMS 0x00000000d1e00000, 0x00000000d1e00000| Complete 
| 259|0x00000000d1f00000, 0x00000000d2000000, 0x00000000d2000000|100%|HS|  |TAMS 0x00000000d1f00000, 0x00000000d1f00000| Complete 
| 260|0x00000000d2000000, 0x00000000d2100000, 0x00000000d2100000|100%|HS|  |TAMS 0x00000000d2000000, 0x00000000d2000000| Complete 
| 261|0x00000000d2100000, 0x00000000d2200000, 0x00000000d2200000|100%|HS|  |TAMS 0x00000000d2100000, 0x00000000d2100000| Complete 
| 262|0x00000000d2200000, 0x00000000d2300000, 0x00000000d2300000|100%|HS|  |TAMS 0x00000000d2200000, 0x00000000d2200000| Complete 
| 263|0x00000000d2300000, 0x00000000d2400000, 0x00000000d2400000|100%|HS|  |TAMS 0x00000000d2300000, 0x00000000d2300000| Complete 
| 264|0x00000000d2400000, 0x00000000d2500000, 0x00000000d2500000|100%|HS|  |TAMS 0x00000000d2400000, 0x00000000d2400000| Complete 
| 265|0x00000000d2500000, 0x00000000d2600000, 0x00000000d2600000|100%|HS|  |TAMS 0x00000000d2500000, 0x00000000d2500000| Complete 
| 266|0x00000000d2600000, 0x00000000d2700000, 0x00000000d2700000|100%|HS|  |TAMS 0x00000000d2600000, 0x00000000d2600000| Complete 
| 267|0x00000000d2700000, 0x00000000d2800000, 0x00000000d2800000|100%|HS|  |TAMS 0x00000000d2700000, 0x00000000d2700000| Complete 
| 268|0x00000000d2800000, 0x00000000d2900000, 0x00000000d2900000|100%|HS|  |TAMS 0x00000000d2800000, 0x00000000d2800000| Complete 
| 269|0x00000000d2900000, 0x00000000d2a00000, 0x00000000d2a00000|100%|HS|  |TAMS 0x00000000d2900000, 0x00000000d2900000| Complete 
| 270|0x00000000d2a00000, 0x00000000d2b00000, 0x00000000d2b00000|100%|HS|  |TAMS 0x00000000d2a00000, 0x00000000d2a00000| Complete 
| 271|0x00000000d2b00000, 0x00000000d2c00000, 0x00000000d2c00000|100%|HS|  |TAMS 0x00000000d2b00000, 0x00000000d2b00000| Complete 
| 272|0x00000000d2c00000, 0x00000000d2d00000, 0x00000000d2d00000|100%|HS|  |TAMS 0x00000000d2c00000, 0x00000000d2c00000| Complete 
| 273|0x00000000d2d00000, 0x00000000d2e00000, 0x00000000d2e00000|100%|HS|  |TAMS 0x00000000d2d00000, 0x00000000d2d00000| Complete 
| 274|0x00000000d2e00000, 0x00000000d2f00000, 0x00000000d2f00000|100%|HS|  |TAMS 0x00000000d2e00000, 0x00000000d2e00000| Complete 
| 275|0x00000000d2f00000, 0x00000000d3000000, 0x00000000d3000000|100%|HS|  |TAMS 0x00000000d2f00000, 0x00000000d2f00000| Complete 
| 276|0x00000000d3000000, 0x00000000d3100000, 0x00000000d3100000|100%|HS|  |TAMS 0x00000000d3000000, 0x00000000d3000000| Complete 
| 277|0x00000000d3100000, 0x00000000d3200000, 0x00000000d3200000|100%|HS|  |TAMS 0x00000000d3100000, 0x00000000d3100000| Complete 
| 278|0x00000000d3200000, 0x00000000d3300000, 0x00000000d3300000|100%|HS|  |TAMS 0x00000000d3200000, 0x00000000d3200000| Complete 
| 279|0x00000000d3300000, 0x00000000d3400000, 0x00000000d3400000|100%|HS|  |TAMS 0x00000000d3300000, 0x00000000d3300000| Complete 
| 280|0x00000000d3400000, 0x00000000d3500000, 0x00000000d3500000|100%|HS|  |TAMS 0x00000000d3400000, 0x00000000d3400000| Complete 
| 281|0x00000000d3500000, 0x00000000d3600000, 0x00000000d3600000|100%|HS|  |TAMS 0x00000000d3500000, 0x00000000d3500000| Complete 
| 282|0x00000000d3600000, 0x00000000d3700000, 0x00000000d3700000|100%|HS|  |TAMS 0x00000000d3600000, 0x00000000d3600000| Complete 
| 283|0x00000000d3700000, 0x00000000d3800000, 0x00000000d3800000|100%|HS|  |TAMS 0x00000000d3700000, 0x00000000d3700000| Complete 
| 284|0x00000000d3800000, 0x00000000d3900000, 0x00000000d3900000|100%|HS|  |TAMS 0x00000000d3800000, 0x00000000d3800000| Complete 
| 285|0x00000000d3900000, 0x00000000d3a00000, 0x00000000d3a00000|100%|HS|  |TAMS 0x00000000d3900000, 0x00000000d3900000| Complete 
| 286|0x00000000d3a00000, 0x00000000d3b00000, 0x00000000d3b00000|100%|HS|  |TAMS 0x00000000d3a00000, 0x00000000d3a00000| Complete 
| 287|0x00000000d3b00000, 0x00000000d3c00000, 0x00000000d3c00000|100%|HS|  |TAMS 0x00000000d3b00000, 0x00000000d3b00000| Complete 
| 288|0x00000000d3c00000, 0x00000000d3d00000, 0x00000000d3d00000|100%|HS|  |TAMS 0x00000000d3c00000, 0x00000000d3c00000| Complete 
| 289|0x00000000d3d00000, 0x00000000d3e00000, 0x00000000d3e00000|100%|HS|  |TAMS 0x00000000d3d00000, 0x00000000d3d00000| Complete 
| 290|0x00000000d3e00000, 0x00000000d3f00000, 0x00000000d3f00000|100%|HS|  |TAMS 0x00000000d3e00000, 0x00000000d3e00000| Complete 
| 291|0x00000000d3f00000, 0x00000000d4000000, 0x00000000d4000000|100%|HS|  |TAMS 0x00000000d3f00000, 0x00000000d3f00000| Complete 
| 292|0x00000000d4000000, 0x00000000d4100000, 0x00000000d4100000|100%|HS|  |TAMS 0x00000000d4000000, 0x00000000d4000000| Complete 
| 293|0x00000000d4100000, 0x00000000d4100000, 0x00000000d4200000|  0%| F|  |TAMS 0x00000000d4100000, 0x00000000d4100000| Untracked 
| 294|0x00000000d4200000, 0x00000000d4200000, 0x00000000d4300000|  0%| F|  |TAMS 0x00000000d4200000, 0x00000000d4200000| Untracked 
| 295|0x00000000d4300000, 0x00000000d4300000, 0x00000000d4400000|  0%| F|  |TAMS 0x00000000d4300000, 0x00000000d4300000| Untracked 
| 296|0x00000000d4400000, 0x00000000d4400000, 0x00000000d4500000|  0%| F|  |TAMS 0x00000000d4400000, 0x00000000d4400000| Untracked 
| 297|0x00000000d4500000, 0x00000000d4500000, 0x00000000d4600000|  0%| F|  |TAMS 0x00000000d4500000, 0x00000000d4500000| Untracked 
| 298|0x00000000d4600000, 0x00000000d4600000, 0x00000000d4700000|  0%| F|  |TAMS 0x00000000d4600000, 0x00000000d4600000| Untracked 
| 299|0x00000000d4700000, 0x00000000d4700000, 0x00000000d4800000|  0%| F|  |TAMS 0x00000000d4700000, 0x00000000d4700000| Untracked 
| 300|0x00000000d4800000, 0x00000000d48b4608, 0x00000000d4900000| 70%| E|  |TAMS 0x00000000d4800000, 0x00000000d4800000| Complete 
| 301|0x00000000d4900000, 0x00000000d4a00000, 0x00000000d4a00000|100%| E|CS|TAMS 0x00000000d4900000, 0x00000000d4900000| Complete 
| 302|0x00000000d4a00000, 0x00000000d4b00000, 0x00000000d4b00000|100%| E|CS|TAMS 0x00000000d4a00000, 0x00000000d4a00000| Complete 
| 303|0x00000000d4b00000, 0x00000000d4bfce88, 0x00000000d4c00000| 98%| E|  |TAMS 0x00000000d4b00000, 0x00000000d4b00000| Complete 
| 304|0x00000000d4c00000, 0x00000000d4d00000, 0x00000000d4d00000|100%| E|CS|TAMS 0x00000000d4c00000, 0x00000000d4c00000| Complete 
| 305|0x00000000d4d00000, 0x00000000d4e00000, 0x00000000d4e00000|100%| E|CS|TAMS 0x00000000d4d00000, 0x00000000d4d00000| Complete 
| 306|0x00000000d4e00000, 0x00000000d4f00000, 0x00000000d4f00000|100%| E|CS|TAMS 0x00000000d4e00000, 0x00000000d4e00000| Complete 
| 307|0x00000000d4f00000, 0x00000000d5000000, 0x00000000d5000000|100%| E|CS|TAMS 0x00000000d4f00000, 0x00000000d4f00000| Complete 
| 308|0x00000000d5000000, 0x00000000d5100000, 0x00000000d5100000|100%| E|CS|TAMS 0x00000000d5000000, 0x00000000d5000000| Complete 
| 309|0x00000000d5100000, 0x00000000d5200000, 0x00000000d5200000|100%| E|CS|TAMS 0x00000000d5100000, 0x00000000d5100000| Complete 
| 310|0x00000000d5200000, 0x00000000d5300000, 0x00000000d5300000|100%| E|CS|TAMS 0x00000000d5200000, 0x00000000d5200000| Complete 
| 311|0x00000000d5300000, 0x00000000d5400000, 0x00000000d5400000|100%| E|CS|TAMS 0x00000000d5300000, 0x00000000d5300000| Complete 
| 312|0x00000000d5400000, 0x00000000d5500000, 0x00000000d5500000|100%| E|CS|TAMS 0x00000000d5400000, 0x00000000d5400000| Complete 
| 313|0x00000000d5500000, 0x00000000d5600000, 0x00000000d5600000|100%| E|CS|TAMS 0x00000000d5500000, 0x00000000d5500000| Complete 
| 314|0x00000000d5600000, 0x00000000d5700000, 0x00000000d5700000|100%| E|CS|TAMS 0x00000000d5600000, 0x00000000d5600000| Complete 
| 315|0x00000000d5700000, 0x00000000d5800000, 0x00000000d5800000|100%| E|CS|TAMS 0x00000000d5700000, 0x00000000d5700000| Complete 
| 316|0x00000000d5800000, 0x00000000d5900000, 0x00000000d5900000|100%| E|CS|TAMS 0x00000000d5800000, 0x00000000d5800000| Complete 
| 317|0x00000000d5900000, 0x00000000d5a00000, 0x00000000d5a00000|100%| E|CS|TAMS 0x00000000d5900000, 0x00000000d5900000| Complete 
| 318|0x00000000d5a00000, 0x00000000d5b00000, 0x00000000d5b00000|100%| E|CS|TAMS 0x00000000d5a00000, 0x00000000d5a00000| Complete 
| 319|0x00000000d5b00000, 0x00000000d5c00000, 0x00000000d5c00000|100%| E|CS|TAMS 0x00000000d5b00000, 0x00000000d5b00000| Complete 
| 320|0x00000000d5c00000, 0x00000000d5d00000, 0x00000000d5d00000|100%| E|CS|TAMS 0x00000000d5c00000, 0x00000000d5c00000| Complete 
| 321|0x00000000d5d00000, 0x00000000d5e00000, 0x00000000d5e00000|100%| E|CS|TAMS 0x00000000d5d00000, 0x00000000d5d00000| Complete 
| 322|0x00000000d5e00000, 0x00000000d5f00000, 0x00000000d5f00000|100%| E|CS|TAMS 0x00000000d5e00000, 0x00000000d5e00000| Complete 
| 323|0x00000000d5f00000, 0x00000000d6000000, 0x00000000d6000000|100%| E|CS|TAMS 0x00000000d5f00000, 0x00000000d5f00000| Complete 
| 324|0x00000000d6000000, 0x00000000d6100000, 0x00000000d6100000|100%| E|CS|TAMS 0x00000000d6000000, 0x00000000d6000000| Complete 
| 325|0x00000000d6100000, 0x00000000d6200000, 0x00000000d6200000|100%| E|CS|TAMS 0x00000000d6100000, 0x00000000d6100000| Complete 
| 326|0x00000000d6200000, 0x00000000d6300000, 0x00000000d6300000|100%| E|CS|TAMS 0x00000000d6200000, 0x00000000d6200000| Complete 
| 327|0x00000000d6300000, 0x00000000d6400000, 0x00000000d6400000|100%| E|CS|TAMS 0x00000000d6300000, 0x00000000d6300000| Complete 
| 328|0x00000000d6400000, 0x00000000d6500000, 0x00000000d6500000|100%| E|CS|TAMS 0x00000000d6400000, 0x00000000d6400000| Complete 
| 329|0x00000000d6500000, 0x00000000d6600000, 0x00000000d6600000|100%| E|CS|TAMS 0x00000000d6500000, 0x00000000d6500000| Complete 
| 330|0x00000000d6600000, 0x00000000d6700000, 0x00000000d6700000|100%| E|CS|TAMS 0x00000000d6600000, 0x00000000d6600000| Complete 
| 331|0x00000000d6700000, 0x00000000d6800000, 0x00000000d6800000|100%| E|CS|TAMS 0x00000000d6700000, 0x00000000d6700000| Complete 
| 332|0x00000000d6800000, 0x00000000d6900000, 0x00000000d6900000|100%| E|CS|TAMS 0x00000000d6800000, 0x00000000d6800000| Complete 
| 333|0x00000000d6900000, 0x00000000d6a00000, 0x00000000d6a00000|100%| E|CS|TAMS 0x00000000d6900000, 0x00000000d6900000| Complete 
| 334|0x00000000d6a00000, 0x00000000d6b00000, 0x00000000d6b00000|100%| E|CS|TAMS 0x00000000d6a00000, 0x00000000d6a00000| Complete 
| 335|0x00000000d6b00000, 0x00000000d6c00000, 0x00000000d6c00000|100%| E|CS|TAMS 0x00000000d6b00000, 0x00000000d6b00000| Complete 
| 336|0x00000000d6c00000, 0x00000000d6d00000, 0x00000000d6d00000|100%| E|CS|TAMS 0x00000000d6c00000, 0x00000000d6c00000| Complete 
| 337|0x00000000d6d00000, 0x00000000d6e00000, 0x00000000d6e00000|100%| E|CS|TAMS 0x00000000d6d00000, 0x00000000d6d00000| Complete 
| 338|0x00000000d6e00000, 0x00000000d6f00000, 0x00000000d6f00000|100%| E|CS|TAMS 0x00000000d6e00000, 0x00000000d6e00000| Complete 
| 339|0x00000000d6f00000, 0x00000000d7000000, 0x00000000d7000000|100%| E|CS|TAMS 0x00000000d6f00000, 0x00000000d6f00000| Complete 
| 340|0x00000000d7000000, 0x00000000d7100000, 0x00000000d7100000|100%| E|CS|TAMS 0x00000000d7000000, 0x00000000d7000000| Complete 
| 341|0x00000000d7100000, 0x00000000d7200000, 0x00000000d7200000|100%| E|CS|TAMS 0x00000000d7100000, 0x00000000d7100000| Complete 
| 342|0x00000000d7200000, 0x00000000d7300000, 0x00000000d7300000|100%| E|CS|TAMS 0x00000000d7200000, 0x00000000d7200000| Complete 
| 343|0x00000000d7300000, 0x00000000d7400000, 0x00000000d7400000|100%| E|CS|TAMS 0x00000000d7300000, 0x00000000d7300000| Complete 
| 344|0x00000000d7400000, 0x00000000d7500000, 0x00000000d7500000|100%| E|CS|TAMS 0x00000000d7400000, 0x00000000d7400000| Complete 
| 345|0x00000000d7500000, 0x00000000d7600000, 0x00000000d7600000|100%| E|CS|TAMS 0x00000000d7500000, 0x00000000d7500000| Complete 
| 346|0x00000000d7600000, 0x00000000d7700000, 0x00000000d7700000|100%| E|CS|TAMS 0x00000000d7600000, 0x00000000d7600000| Complete 
| 347|0x00000000d7700000, 0x00000000d7800000, 0x00000000d7800000|100%| E|CS|TAMS 0x00000000d7700000, 0x00000000d7700000| Complete 
| 348|0x00000000d7800000, 0x00000000d7900000, 0x00000000d7900000|100%| E|CS|TAMS 0x00000000d7800000, 0x00000000d7800000| Complete 
| 349|0x00000000d7900000, 0x00000000d7a00000, 0x00000000d7a00000|100%| E|CS|TAMS 0x00000000d7900000, 0x00000000d7900000| Complete 
| 350|0x00000000d7a00000, 0x00000000d7b00000, 0x00000000d7b00000|100%| E|CS|TAMS 0x00000000d7a00000, 0x00000000d7a00000| Complete 
| 351|0x00000000d7b00000, 0x00000000d7c00000, 0x00000000d7c00000|100%| E|CS|TAMS 0x00000000d7b00000, 0x00000000d7b00000| Complete 
| 352|0x00000000d7c00000, 0x00000000d7d00000, 0x00000000d7d00000|100%| E|CS|TAMS 0x00000000d7c00000, 0x00000000d7c00000| Complete 
| 353|0x00000000d7d00000, 0x00000000d7e00000, 0x00000000d7e00000|100%| E|CS|TAMS 0x00000000d7d00000, 0x00000000d7d00000| Complete 
| 354|0x00000000d7e00000, 0x00000000d7f00000, 0x00000000d7f00000|100%| E|CS|TAMS 0x00000000d7e00000, 0x00000000d7e00000| Complete 
| 355|0x00000000d7f00000, 0x00000000d8000000, 0x00000000d8000000|100%| E|CS|TAMS 0x00000000d7f00000, 0x00000000d7f00000| Complete 
| 356|0x00000000d8000000, 0x00000000d8100000, 0x00000000d8100000|100%| E|CS|TAMS 0x00000000d8000000, 0x00000000d8000000| Complete 
| 357|0x00000000d8100000, 0x00000000d8200000, 0x00000000d8200000|100%| E|CS|TAMS 0x00000000d8100000, 0x00000000d8100000| Complete 
| 358|0x00000000d8200000, 0x00000000d8300000, 0x00000000d8300000|100%| E|CS|TAMS 0x00000000d8200000, 0x00000000d8200000| Complete 
| 359|0x00000000d8300000, 0x00000000d8400000, 0x00000000d8400000|100%| E|CS|TAMS 0x00000000d8300000, 0x00000000d8300000| Complete 
| 360|0x00000000d8400000, 0x00000000d8500000, 0x00000000d8500000|100%| E|CS|TAMS 0x00000000d8400000, 0x00000000d8400000| Complete 
| 361|0x00000000d8500000, 0x00000000d8600000, 0x00000000d8600000|100%| E|CS|TAMS 0x00000000d8500000, 0x00000000d8500000| Complete 
| 362|0x00000000d8600000, 0x00000000d8700000, 0x00000000d8700000|100%| E|CS|TAMS 0x00000000d8600000, 0x00000000d8600000| Complete 
| 363|0x00000000d8700000, 0x00000000d8800000, 0x00000000d8800000|100%| E|CS|TAMS 0x00000000d8700000, 0x00000000d8700000| Complete 
| 364|0x00000000d8800000, 0x00000000d8900000, 0x00000000d8900000|100%| E|CS|TAMS 0x00000000d8800000, 0x00000000d8800000| Complete 
| 365|0x00000000d8900000, 0x00000000d8a00000, 0x00000000d8a00000|100%| E|CS|TAMS 0x00000000d8900000, 0x00000000d8900000| Complete 
| 366|0x00000000d8a00000, 0x00000000d8b00000, 0x00000000d8b00000|100%| E|CS|TAMS 0x00000000d8a00000, 0x00000000d8a00000| Complete 
| 367|0x00000000d8b00000, 0x00000000d8c00000, 0x00000000d8c00000|100%| E|CS|TAMS 0x00000000d8b00000, 0x00000000d8b00000| Complete 
| 368|0x00000000d8c00000, 0x00000000d8d00000, 0x00000000d8d00000|100%| E|CS|TAMS 0x00000000d8c00000, 0x00000000d8c00000| Complete 
| 369|0x00000000d8d00000, 0x00000000d8e00000, 0x00000000d8e00000|100%| E|CS|TAMS 0x00000000d8d00000, 0x00000000d8d00000| Complete 
| 370|0x00000000d8e00000, 0x00000000d8f00000, 0x00000000d8f00000|100%| E|CS|TAMS 0x00000000d8e00000, 0x00000000d8e00000| Complete 
| 371|0x00000000d8f00000, 0x00000000d9000000, 0x00000000d9000000|100%| E|CS|TAMS 0x00000000d8f00000, 0x00000000d8f00000| Complete 
| 372|0x00000000d9000000, 0x00000000d9100000, 0x00000000d9100000|100%| E|CS|TAMS 0x00000000d9000000, 0x00000000d9000000| Complete 
| 373|0x00000000d9100000, 0x00000000d9200000, 0x00000000d9200000|100%| E|CS|TAMS 0x00000000d9100000, 0x00000000d9100000| Complete 
| 374|0x00000000d9200000, 0x00000000d9300000, 0x00000000d9300000|100%| E|CS|TAMS 0x00000000d9200000, 0x00000000d9200000| Complete 
| 375|0x00000000d9300000, 0x00000000d9400000, 0x00000000d9400000|100%| E|CS|TAMS 0x00000000d9300000, 0x00000000d9300000| Complete 

Card table byte_map: [0x000000fcce590000,0x000000fcce790000] _byte_map_base: 0x000000fccdf82000

Marking Bits (Prev, Next): (CMBitMap*) 0x000000fcb6fe9f68, (CMBitMap*) 0x000000fcb6fe9fa8
 Prev Bits: [0x000000fcce990000, 0x000000fccf920000)
 Next Bits: [0x000000fccf920000, 0x000000fcd08b0000)

Polling page: 0x000000fcb4d10000

Metaspace:

Usage:
  Non-class:     19.16 MB capacity,    18.86 MB ( 98%) used,   254.80 KB (  1%) free+waste,    50.94 KB ( <1%) overhead. 
      Class:      2.52 MB capacity,     2.35 MB ( 93%) used,   147.67 KB (  6%) free+waste,    24.63 KB ( <1%) overhead. 
       Both:     21.68 MB capacity,    21.22 MB ( 98%) used,   402.47 KB (  2%) free+waste,    75.56 KB ( <1%) overhead. 

Virtual space:
  Non-class space:       20.00 MB reserved,      19.25 MB ( 96%) committed 
      Class space:        1.00 GB reserved,       2.63 MB ( <1%) committed 
             Both:        1.02 GB reserved,      21.88 MB (  2%) committed 

Chunk freelists:
   Non-Class:  3.25 KB
       Class:  1.38 KB
        Both:  4.63 KB

CodeHeap 'non-profiled nmethods': size=120064Kb used=3931Kb max_used=3931Kb free=116132Kb
 bounds [0x000000fcc6e50000, 0x000000fcc7230000, 0x000000fcce390000]
CodeHeap 'profiled nmethods': size=120000Kb used=10524Kb max_used=10524Kb free=109475Kb
 bounds [0x000000fcbf920000, 0x000000fcc0380000, 0x000000fcc6e50000]
CodeHeap 'non-nmethods': size=5696Kb used=1337Kb max_used=1405Kb free=4358Kb
 bounds [0x000000fcbf390000, 0x000000fcbf600000, 0x000000fcbf920000]
 total_blobs=7855 nmethods=4654 adapters=661
 compilation: enabled
              stopped_count=0, restarted_count=0
 full_count=0

Compilation events (10 events):
Event: 238.316 Thread 0x000000fcd3283000 nmethod 5498 0x000000fcc7226a10 code [0x000000fcc7226be0, 0x000000fcc7227098]
Event: 239.336 Thread 0x000000fcd32a1800 5499       3       sun.swing.SwingUtilities2::isFloatingPointScale (58 bytes)
Event: 239.337 Thread 0x000000fcd32a1800 nmethod 5499 0x000000fcc0372790 code [0x000000fcc0372980, 0x000000fcc0372df0]
Event: 240.373 Thread 0x000000fcd3283000 5500       4       javax.swing.JComponent::setVisible (56 bytes)
Event: 240.375 Thread 0x000000fcd3283000 nmethod 5500 0x000000fcc7227390 code [0x000000fcc7227540, 0x000000fcc72275f8]
Event: 240.430 Thread 0x000000fcd32a1800 5501       3       javax.swing.plaf.basic.BasicGraphicsUtils::getPreferredButtonSize (169 bytes)
Event: 240.434 Thread 0x000000fcd32a1800 nmethod 5501 0x000000fcc0372f10 code [0x000000fcc0373260, 0x000000fcc0374d80]
Event: 240.463 Thread 0x000000fcd3283000 5502   !   4       java.awt.DefaultKeyboardFocusManager::dispatchEvent (1616 bytes)
Event: 240.750 Thread 0x000000fcd32a1800 5504       2       javax.swing.JViewport::getExtentSize (5 bytes)
Event: 240.751 Thread 0x000000fcd32a1800 nmethod 5504 0x000000fcc0375610 code [0x000000fcc03757c0, 0x000000fcc03759b8]

GC Heap History (10 events):
Event: 236.590 GC heap before
{Heap before GC invocations=58 (full 0):
 garbage-first heap   total 385024K, used 341196K [0x00000000c1c00000, 0x0000000100000000)
  region size 1024K, 204 young (208896K), 2 survivors (2048K)
 Metaspace       used 21724K, capacity 22203K, committed 22400K, reserved 1069056K
  class space    used 2408K, capacity 2581K, committed 2688K, reserved 1048576K
}
Event: 236.595 GC heap after
{Heap after GC invocations=59 (full 0):
 garbage-first heap   total 385024K, used 136420K [0x00000000c1c00000, 0x0000000100000000)
  region size 1024K, 1 young (1024K), 1 survivors (1024K)
 Metaspace       used 21724K, capacity 22203K, committed 22400K, reserved 1069056K
  class space    used 2408K, capacity 2581K, committed 2688K, reserved 1048576K
}
Event: 237.436 GC heap before
{Heap before GC invocations=59 (full 0):
 garbage-first heap   total 385024K, used 342244K [0x00000000c1c00000, 0x0000000100000000)
  region size 1024K, 203 young (207872K), 1 survivors (1024K)
 Metaspace       used 21724K, capacity 22203K, committed 22400K, reserved 1069056K
  class space    used 2408K, capacity 2581K, committed 2688K, reserved 1048576K
}
Event: 237.440 GC heap after
{Heap after GC invocations=60 (full 0):
 garbage-first heap   total 385024K, used 136482K [0x00000000c1c00000, 0x0000000100000000)
  region size 1024K, 1 young (1024K), 1 survivors (1024K)
 Metaspace       used 21724K, capacity 22203K, committed 22400K, reserved 1069056K
  class space    used 2408K, capacity 2581K, committed 2688K, reserved 1048576K
}
Event: 238.331 GC heap before
{Heap before GC invocations=60 (full 0):
 garbage-first heap   total 385024K, used 341282K [0x00000000c1c00000, 0x0000000100000000)
  region size 1024K, 202 young (206848K), 1 survivors (1024K)
 Metaspace       used 21724K, capacity 22203K, committed 22400K, reserved 1069056K
  class space    used 2408K, capacity 2581K, committed 2688K, reserved 1048576K
}
Event: 238.336 GC heap after
{Heap after GC invocations=61 (full 0):
 garbage-first heap   total 385024K, used 136614K [0x00000000c1c00000, 0x0000000100000000)
  region size 1024K, 2 young (2048K), 2 survivors (2048K)
 Metaspace       used 21724K, capacity 22203K, committed 22400K, reserved 1069056K
  class space    used 2408K, capacity 2581K, committed 2688K, reserved 1048576K
}
Event: 239.239 GC heap before
{Heap before GC invocations=61 (full 0):
 garbage-first heap   total 385024K, used 340390K [0x00000000c1c00000, 0x0000000100000000)
  region size 1024K, 202 young (206848K), 2 survivors (2048K)
 Metaspace       used 21724K, capacity 22203K, committed 22400K, reserved 1069056K
  class space    used 2408K, capacity 2581K, committed 2688K, reserved 1048576K
}
Event: 239.243 GC heap after
{Heap after GC invocations=62 (full 0):
 garbage-first heap   total 385024K, used 136731K [0x00000000c1c00000, 0x0000000100000000)
  region size 1024K, 2 young (2048K), 2 survivors (2048K)
 Metaspace       used 21724K, capacity 22203K, committed 22400K, reserved 1069056K
  class space    used 2408K, capacity 2581K, committed 2688K, reserved 1048576K
}
Event: 240.200 GC heap before
{Heap before GC invocations=62 (full 0):
 garbage-first heap   total 385024K, used 376347K [0x00000000c1c00000, 0x0000000100000000)
  region size 1024K, 202 young (206848K), 2 survivors (2048K)
 Metaspace       used 21724K, capacity 22203K, committed 22400K, reserved 1069056K
  class space    used 2408K, capacity 2581K, committed 2688K, reserved 1048576K
}
Event: 240.205 GC heap after
{Heap after GC invocations=63 (full 0):
 garbage-first heap   total 385024K, used 136800K [0x00000000c1c00000, 0x0000000100000000)
  region size 1024K, 2 young (2048K), 2 survivors (2048K)
 Metaspace       used 21724K, capacity 22203K, committed 22400K, reserved 1069056K
  class space    used 2408K, capacity 2581K, committed 2688K, reserved 1048576K
}

Deoptimization events (10 events):
Event: 213.476 Thread 0x000000fcd4da6800 Uncommon trap: reason=unstable_if action=reinterpret pc=0x000000fcc6ffb5cc method=java.awt.EventQueue.eventToCacheIndex(Ljava/awt/AWTEvent;)I @ 4 c2
Event: 214.199 Thread 0x000000fcd5286800 Uncommon trap: reason=intrinsic_or_type_checked_inlining action=make_not_entrant pc=0x000000fcc7105178 method=java.util.Vector.copyInto([Ljava/lang/Object;)V @ 11 c2
Event: 216.665 Thread 0x000000fcd5286800 Uncommon trap: reason=intrinsic_or_type_checked_inlining action=make_not_entrant pc=0x000000fcc711cc64 method=javax.swing.text.AbstractDocument$BranchElement.replace(II[Ljavax/swing/text/Element;)V @ 140 c2
Event: 221.014 Thread 0x000000fcd4da6800 Uncommon trap: reason=unstable_if action=reinterpret pc=0x000000fcc70c2aa8 method=java.awt.EventQueue.eventToCacheIndex(Ljava/awt/AWTEvent;)I @ 4 c2
Event: 222.493 Thread 0x000000fcd5286800 Uncommon trap: reason=intrinsic_or_type_checked_inlining action=make_not_entrant pc=0x000000fcc713bec4 method=javax.swing.text.AbstractDocument$BranchElement.replace(II[Ljavax/swing/text/Element;)V @ 87 c2
Event: 230.894 Thread 0x000000fcd4da6800 Uncommon trap: reason=unstable_if action=reinterpret pc=0x000000fcc71cf930 method=sun.awt.GlobalCursorManager._updateCursor(Z)V @ 37 c2
Event: 231.140 Thread 0x000000fcd4da6800 Uncommon trap: reason=class_check action=maybe_recompile pc=0x000000fcc71a74a8 method=javax.swing.plaf.basic.BasicBorders$MarginBorder.getBorderInsets(Ljava/awt/Component;Ljava/awt/Insets;)Ljava/awt/Insets; @ 10 c2
Event: 231.143 Thread 0x000000fcd4da6800 Uncommon trap: reason=class_check action=maybe_recompile pc=0x000000fcc71a74a8 method=javax.swing.plaf.basic.BasicBorders$MarginBorder.getBorderInsets(Ljava/awt/Component;Ljava/awt/Insets;)Ljava/awt/Insets; @ 10 c2
Event: 231.143 Thread 0x000000fcd4da6800 Uncommon trap: reason=class_check action=maybe_recompile pc=0x000000fcc71a74a8 method=javax.swing.plaf.basic.BasicBorders$MarginBorder.getBorderInsets(Ljava/awt/Component;Ljava/awt/Insets;)Ljava/awt/Insets; @ 10 c2
Event: 232.812 Thread 0x000000fcd5286800 Uncommon trap: reason=unstable_if action=reinterpret pc=0x000000fcc70718bc method=javax.swing.RepaintManager.addDirtyRegion0(Ljava/awt/Container;IIII)V @ 151 c2

Classes redefined (0 events):
No events

Internal exceptions (10 events):
Event: 46.873 Thread 0x000000fcd4da6800 Exception <a 'java/lang/NoSuchMethodError'{0x00000000d60654e0}: java.lang.invoke.DirectMethodHandle$Holder.invokeStatic(Ljava/lang/Object;Ljava/lang/Object;Ljava/lang/Object;Ljava/lang/Object;J)Ljava/lang/Object;> (0x00000000d60654e0) thrown at [t:/worksp
Event: 58.854 Thread 0x000000fcd5286800 Exception <a 'java/lang/NoSuchMethodError'{0x00000000d9091338}: java.lang.invoke.DirectMethodHandle$Holder.invokeVirtual(Ljava/lang/Object;Ljava/lang/Object;Ljava/lang/Object;)Ljava/lang/Object;> (0x00000000d9091338) thrown at [t:/workspace/open/src/hotsp
Event: 210.239 Thread 0x000000fcd4da6800 Implicit null exception at 0x000000fcc6fea76b to 0x000000fcc6fec546
Event: 210.259 Thread 0x000000fcd4da6800 Implicit null exception at 0x000000fcc6fea76b to 0x000000fcc6fec546
Event: 210.283 Thread 0x000000fcd4da6800 Implicit null exception at 0x000000fcc6fea76b to 0x000000fcc6fec546
Event: 210.330 Thread 0x000000fcd4da6800 Implicit null exception at 0x000000fcc6fea76b to 0x000000fcc6fec546
Event: 210.340 Thread 0x000000fcd4da6800 Implicit null exception at 0x000000fcc6fa6775 to 0x000000fcc6fa7e7e
Event: 211.052 Thread 0x000000fcd4da6800 Implicit null exception at 0x000000fcc6f4dd81 to 0x000000fcc6f4e446
Event: 211.052 Thread 0x000000fcd4da6800 Implicit null exception at 0x000000fcc6f4dd81 to 0x000000fcc6f4e446
Event: 230.894 Thread 0x000000fcd4da6800 Implicit null exception at 0x000000fcc71cc473 to 0x000000fcc71cf90a

Events (10 events):
Event: 236.595 Executing VM operation: G1CollectForAllocation done
Event: 237.436 Executing VM operation: G1CollectForAllocation
Event: 237.440 Executing VM operation: G1CollectForAllocation done
Event: 238.331 Executing VM operation: G1CollectForAllocation
Event: 238.336 Executing VM operation: G1CollectForAllocation done
Event: 239.239 Executing VM operation: G1CollectForAllocation
Event: 239.243 Executing VM operation: G1CollectForAllocation done
Event: 240.199 Executing VM operation: G1CollectForAllocation
Event: 240.205 Executing VM operation: G1CollectForAllocation done
Event: 240.869 Executing VM operation: G1Concurrent


Dynamic libraries:
0x00007ff753780000 - 0x00007ff75378f000 	C:\Program Files\Java\jdk-12.0.2\bin\javaw.exe
0x00007ffd8ee90000 - 0x00007ffd8f03d000 	C:\windows\SYSTEM32\ntdll.dll
0x00007ffd8ed10000 - 0x00007ffd8ee4a000 	C:\windows\system32\KERNEL32.DLL
0x00007ffd71220000 - 0x00007ffd71232000 	C:\Program Files\AVAST Software\Avast\aswhook.dll
0x00007ffd8c0c0000 - 0x00007ffd8c1d5000 	C:\windows\system32\KERNELBASE.dll
0x00007ffd7e1b0000 - 0x00007ffd7e1c8000 	C:\Program Files\Java\jdk-12.0.2\bin\jli.dll
0x00007ffd7d1e0000 - 0x00007ffd7d1f6000 	C:\Program Files\Java\jdk-12.0.2\bin\VCRUNTIME140.dll
0x00007ffd88580000 - 0x00007ffd88584000 	C:\Program Files\Java\jdk-12.0.2\bin\api-ms-win-crt-stdio-l1-1-0.dll
0x00007ffd884a0000 - 0x00007ffd884a4000 	C:\Program Files\Java\jdk-12.0.2\bin\api-ms-win-crt-runtime-l1-1-0.dll
0x00007ffd883b0000 - 0x00007ffd883b3000 	C:\Program Files\Java\jdk-12.0.2\bin\api-ms-win-crt-environment-l1-1-0.dll
0x00007ffd88350000 - 0x00007ffd88355000 	C:\Program Files\Java\jdk-12.0.2\bin\api-ms-win-crt-math-l1-1-0.dll
0x00007ffd88330000 - 0x00007ffd88333000 	C:\Program Files\Java\jdk-12.0.2\bin\api-ms-win-crt-locale-l1-1-0.dll
0x00007ffd87e70000 - 0x00007ffd87e73000 	C:\Program Files\Java\jdk-12.0.2\bin\api-ms-win-crt-heap-l1-1-0.dll
0x00007ffd8cbe0000 - 0x00007ffd8cc8a000 	C:\windows\system32\ADVAPI32.dll
0x00007ffd89ce0000 - 0x00007ffd89f5b000 	C:\windows\WinSxS\amd64_microsoft.windows.common-controls_6595b64144ccf1df_6.0.9600.18006_none_623f33d3ecbe86e8\COMCTL32.dll
0x00007ffd8e8d0000 - 0x00007ffd8ea47000 	C:\windows\system32\USER32.dll
0x00007ffd86ba0000 - 0x00007ffd86baa000 	C:\windows\SYSTEM32\VERSION.dll
0x00007ffd82fe0000 - 0x00007ffd82fe3000 	C:\Program Files\Java\jdk-12.0.2\bin\api-ms-win-crt-filesystem-l1-1-0.dll
0x00007ffd81c40000 - 0x00007ffd81c44000 	C:\Program Files\Java\jdk-12.0.2\bin\api-ms-win-crt-string-l1-1-0.dll
0x00007ffd7de10000 - 0x00007ffd7de14000 	C:\Program Files\Java\jdk-12.0.2\bin\api-ms-win-crt-convert-l1-1-0.dll
0x00007ffd8ec60000 - 0x00007ffd8ed07000 	C:\windows\system32\msvcrt.dll
0x00007ffd8cc90000 - 0x00007ffd8cce9000 	C:\windows\SYSTEM32\sechost.dll
0x00007ffd8c960000 - 0x00007ffd8caa0000 	C:\windows\system32\RPCRT4.dll
0x00007ffd8d170000 - 0x00007ffd8d2bf000 	C:\windows\system32\GDI32.dll
0x00007ffd6a890000 - 0x00007ffd6a986000 	C:\Program Files\Java\jdk-12.0.2\bin\ucrtbase.DLL
0x00007ffd8c1e0000 - 0x00007ffd8c20e000 	C:\windows\system32\SspiCli.dll
0x00007ffd8ee50000 - 0x00007ffd8ee84000 	C:\windows\system32\IMM32.DLL
0x00007ffd8c800000 - 0x00007ffd8c952000 	C:\windows\system32\MSCTF.dll
0x00007ffd6e2d0000 - 0x00007ffd6e37a000 	C:\Program Files\Java\jdk-12.0.2\bin\msvcp140.dll
0x00007ffd7d2d0000 - 0x00007ffd7d2d5000 	C:\Program Files\Java\jdk-12.0.2\bin\api-ms-win-crt-multibyte-l1-1-0.dll
0x00007ffd7d1d0000 - 0x00007ffd7d1d3000 	C:\Program Files\Java\jdk-12.0.2\bin\api-ms-win-crt-time-l1-1-0.dll
0x00007ffd7d1c0000 - 0x00007ffd7d1c3000 	C:\Program Files\Java\jdk-12.0.2\bin\api-ms-win-crt-utility-l1-1-0.dll
0x00007ffd55dd0000 - 0x00007ffd56947000 	C:\Program Files\Java\jdk-12.0.2\bin\server\jvm.dll
0x00007ffd861e0000 - 0x00007ffd861e9000 	C:\windows\SYSTEM32\WSOCK32.dll
0x00007ffd87050000 - 0x00007ffd8706f000 	C:\windows\SYSTEM32\WINMM.dll
0x00007ffd8ea60000 - 0x00007ffd8ea67000 	C:\windows\system32\PSAPI.DLL
0x00007ffd8cab0000 - 0x00007ffd8cb0a000 	C:\windows\system32\WS2_32.dll
0x00007ffd87020000 - 0x00007ffd8704a000 	C:\windows\SYSTEM32\WINMMBASE.dll
0x00007ffd8caa0000 - 0x00007ffd8caa9000 	C:\windows\system32\NSI.dll
0x00007ffd8c270000 - 0x00007ffd8c2ba000 	C:\windows\SYSTEM32\cfgmgr32.dll
0x00007ffd8ae50000 - 0x00007ffd8ae76000 	C:\windows\SYSTEM32\DEVOBJ.dll
0x00007ffd8a6c0000 - 0x00007ffd8a6d1000 	C:\Program Files\Java\jdk-12.0.2\bin\verify.dll
0x00007ffd84c30000 - 0x00007ffd84db9000 	C:\windows\SYSTEM32\DBGHELP.DLL
0x00007ffd884c0000 - 0x00007ffd884e6000 	C:\Program Files\Java\jdk-12.0.2\bin\java.dll
0x00007ffd88b90000 - 0x00007ffd88ba7000 	C:\Program Files\Java\jdk-12.0.2\bin\zip.dll
0x00007ffd88b50000 - 0x00007ffd88b5a000 	C:\Program Files\Java\jdk-12.0.2\bin\jimage.dll
0x00007ffd8d3a0000 - 0x00007ffd8e8c8000 	C:\windows\system32\SHELL32.dll
0x00007ffd8cf50000 - 0x00007ffd8d161000 	C:\windows\SYSTEM32\combase.dll
0x00007ffd8d2c0000 - 0x00007ffd8d311000 	C:\windows\system32\SHLWAPI.dll
0x00007ffd8a5c0000 - 0x00007ffd8a672000 	C:\windows\SYSTEM32\SHCORE.dll
0x00007ffd8bff0000 - 0x00007ffd8c004000 	C:\windows\SYSTEM32\profapi.dll
0x00007ffd81a30000 - 0x00007ffd81a49000 	C:\Program Files\Java\jdk-12.0.2\bin\net.dll
0x00007ffd851e0000 - 0x00007ffd852a7000 	C:\windows\SYSTEM32\WINHTTP.dll
0x00007ffd84980000 - 0x00007ffd84b08000 	C:\windows\SYSTEM32\urlmon.dll
0x00007ffd8c5b0000 - 0x00007ffd8c744000 	C:\windows\system32\ole32.dll
0x00007ffd84e00000 - 0x00007ffd850ca000 	C:\windows\SYSTEM32\iertutil.dll
0x00007ffd852b0000 - 0x00007ffd8575c000 	C:\windows\SYSTEM32\WININET.dll
0x00007ffd8b630000 - 0x00007ffd8b64e000 	C:\windows\SYSTEM32\USERENV.dll
0x00007ffd8b8a0000 - 0x00007ffd8b8f9000 	C:\windows\system32\mswsock.dll
0x00007ffd806a0000 - 0x00007ffd806b3000 	C:\Program Files\Java\jdk-12.0.2\bin\nio.dll
0x00007ffd68d40000 - 0x00007ffd68edf000 	C:\Program Files\Java\jdk-12.0.2\bin\awt.dll
0x00007ffd8cb10000 - 0x00007ffd8cbd6000 	C:\windows\system32\OLEAUT32.dll
0x00007ffd6ebf0000 - 0x00007ffd6f071000 	C:\windows\SYSTEM32\d2d1.dll
0x00007ffd8abf0000 - 0x00007ffd8ac7e000 	C:\windows\system32\apphelp.dll
0x00007ffd8acd0000 - 0x00007ffd8adf1000 	C:\windows\system32\uxtheme.dll
0x00007ffd88400000 - 0x00007ffd88498000 	C:\Program Files\Common Files\microsoft shared\ink\tiptsf.dll
0x00007ffd8a3f0000 - 0x00007ffd8a410000 	C:\windows\system32\dwmapi.dll
0x00007ffd8ac80000 - 0x00007ffd8ac8a000 	C:\windows\SYSTEM32\kernel.appcore.dll
0x00007ffd8bec0000 - 0x00007ffd8beca000 	C:\windows\SYSTEM32\CRYPTBASE.dll
0x00007ffd8be50000 - 0x00007ffd8beb3000 	C:\windows\SYSTEM32\bcryptPrimitives.dll
0x00007ffd69cd0000 - 0x00007ffd69df1000 	C:\windows\system32\opengl32.dll
0x00007ffd71280000 - 0x00007ffd712ac000 	C:\windows\SYSTEM32\GLU32.dll
0x00007ffd6cea0000 - 0x00007ffd6cf94000 	C:\windows\SYSTEM32\DDRAW.dll
0x00007ffd82180000 - 0x00007ffd82189000 	C:\windows\SYSTEM32\DCIMAN32.dll
0x00007ffd70040000 - 0x00007ffd700c0000 	C:\Program Files\Java\jdk-12.0.2\bin\freetype.dll
0x00007ffd68c90000 - 0x00007ffd68d3b000 	C:\Program Files\Java\jdk-12.0.2\bin\fontmanager.dll
0x00007ffd8ba10000 - 0x00007ffd8ba2e000 	C:\windows\SYSTEM32\CRYPTSP.dll
0x00007ffd8b520000 - 0x00007ffd8b556000 	C:\windows\system32\rsaenh.dll
0x00007ffd8bb50000 - 0x00007ffd8bb76000 	C:\windows\SYSTEM32\bcrypt.dll
0x00007ffd86b50000 - 0x00007ffd86b7a000 	C:\windows\SYSTEM32\IPHLPAPI.DLL
0x00007ffd86b30000 - 0x00007ffd86b3a000 	C:\windows\SYSTEM32\WINNSI.DLL
0x00007ffd86a00000 - 0x00007ffd86a14000 	C:\windows\SYSTEM32\dhcpcsvc6.DLL
0x00007ffd869e0000 - 0x00007ffd869f9000 	C:\windows\SYSTEM32\dhcpcsvc.DLL
0x00007ffd70130000 - 0x00007ffd7016f000 	C:\Program Files\Java\jdk-12.0.2\bin\lcms.dll
0x00007ffd8c750000 - 0x00007ffd8c7f4000 	C:\windows\SYSTEM32\clbcatq.dll
0x00007ffd89b30000 - 0x00007ffd89cde000 	C:\windows\SYSTEM32\WindowsCodecs.dll
0x00007ffd7d1b0000 - 0x00007ffd7d1b9000 	C:\Program Files\Java\jdk-12.0.2\bin\prefs.dll
0x00007ffd889a0000 - 0x00007ffd88a44000 	C:\windows\WinSxS\amd64_microsoft.windows.common-controls_6595b64144ccf1df_5.82.9600.17810_none_34ae2abd958aedeb\comctl32.dll
0x00007ffd8ea70000 - 0x00007ffd8ec44000 	C:\windows\system32\SETUPAPI.dll
0x00007ffd88130000 - 0x00007ffd8829f000 	C:\windows\system32\propsys.dll
0x00007ffd6c040000 - 0x00007ffd6c1dc000 	C:\windows\system32\NetworkExplorer.dll
0x00007ffd87fd0000 - 0x00007ffd87ffb000 	C:\Windows\System32\thumbcache.dll
0x00007ffd70c60000 - 0x00007ffd70c7b000 	C:\windows\SYSTEM32\MPR.dll
0x00007ffd7dbb0000 - 0x00007ffd7dbbb000 	C:\windows\System32\drprov.dll
0x00007ffd8b3b0000 - 0x00007ffd8b407000 	C:\windows\System32\WINSTA.dll
0x00007ffd7d9f0000 - 0x00007ffd7da05000 	C:\windows\System32\ntlanman.dll
0x00007ffd7cdf0000 - 0x00007ffd7ce0f000 	C:\windows\System32\davclnt.dll
0x00007ffd7dba0000 - 0x00007ffd7dbab000 	C:\windows\System32\DAVHLPR.dll
0x00007ffd87720000 - 0x00007ffd87736000 	C:\windows\System32\wkscli.dll
0x00007ffd71f80000 - 0x00007ffd71f90000 	C:\windows\SYSTEM32\cscapi.dll
0x00007ffd8ba00000 - 0x00007ffd8ba0c000 	C:\windows\System32\netutils.dll
0x00007ffd7d650000 - 0x00007ffd7d6c5000 	C:\Windows\System32\dlnashext.dll
0x00007ffd6eaf0000 - 0x00007ffd6eb3e000 	C:\Windows\System32\PlayToDevice.dll
0x00007ffd7e020000 - 0x00007ffd7e03c000 	C:\Windows\System32\DevDispItemProvider.dll
0x00007ffd6e6f0000 - 0x00007ffd6e8ed000 	C:\windows\system32\wpdshext.dll
0x00007ffd86cc0000 - 0x00007ffd86e71000 	C:\windows\WinSxS\amd64_microsoft.windows.gdiplus_6595b64144ccf1df_1.1.9600.18592_none_933383bf47487fd6\gdiplus.dll
0x00007ffd70420000 - 0x00007ffd704c6000 	C:\Windows\System32\PortableDeviceApi.dll
0x00007ffd8c210000 - 0x00007ffd8c261000 	C:\windows\system32\WINTRUST.dll
0x00007ffd8c370000 - 0x00007ffd8c54f000 	C:\windows\system32\CRYPT32.dll
0x00007ffd8c0a0000 - 0x00007ffd8c0b2000 	C:\windows\system32\MSASN1.dll
0x00007ffd8ab40000 - 0x00007ffd8ab76000 	C:\Windows\System32\EhStorShell.dll
0x00007ffd70870000 - 0x00007ffd70895000 	C:\Windows\System32\EhStorAPI.dll
0x00007ffd87a30000 - 0x00007ffd87a41000 	C:\Windows\System32\WTSAPI32.dll
0x00007ffd6ce70000 - 0x00007ffd6ce7c000 	C:\windows\SYSTEM32\LINKINFO.dll
0x00007ffd87a60000 - 0x00007ffd87ac3000 	C:\windows\SYSTEM32\oleacc.dll

dbghelp: loaded successfully - version: 4.0.5 - missing functions: none
symbol engine: initialized successfully - sym options: 0x614 - pdb path: .;C:\Program Files\Java\jdk-12.0.2\bin;C:\windows\SYSTEM32;C:\Program Files\AVAST Software\Avast;C:\windows\WinSxS\amd64_microsoft.windows.common-controls_6595b64144ccf1df_6.0.9600.18006_none_623f33d3ecbe86e8;C:\Program Files\Java\jdk-12.0.2\bin\server;C:\Program Files\Common Files\microsoft shared\ink;C:\windows\WinSxS\amd64_microsoft.windows.common-controls_6595b64144ccf1df_5.82.9600.17810_none_34ae2abd958aedeb;C:\windows\WinSxS\amd64_microsoft.windows.gdiplus_6595b64144ccf1df_1.1.9600.18592_none_933383bf47487fd6

VM Arguments:
jvm_args: -Dfile.encoding=UTF-8 
java_command: org.insa.graphs.gui.MainWindow
java_class_path (initial): D:\Users\Perrine\Documents\INSA\3A\SEM2\BE\BE_GRAPHES\be-graphes-gui\target\classes;D:\Users\Perrine\Documents\INSA\3A\SEM2\BE\BE_GRAPHES\be-graphes-model\target\classes;D:\Users\Perrine\Documents\INSA\3A\SEM2\BE\BE_GRAPHES\be-graphes-algos\target\classes;D:\Users\Perrine\.m2\repository\net\sf\kxml\kxml2\2.3.0\kxml2-2.3.0.jar;D:\Users\Perrine\.m2\repository\org\mapsforge\mapsforge-themes\0.13.0\mapsforge-themes-0.13.0.jar;D:\Users\Perrine\.m2\repository\org\mapsforge\mapsforge-map\0.13.0\mapsforge-map-0.13.0.jar;D:\Users\Perrine\.m2\repository\org\mapsforge\mapsforge-core\0.13.0\mapsforge-core-0.13.0.jar;D:\Users\Perrine\.m2\repository\org\mapsforge\mapsforge-map-awt\0.13.0\mapsforge-map-awt-0.13.0.jar;D:\Users\Perrine\.m2\repository\com\github\blackears\svgSalamander\v1.1.1\svgSalamander-v1.1.1.jar;D:\Users\Perrine\.m2\repository\org\apache\ant\ant\1.8.1\ant-1.8.1.jar;D:\Users\Perrine\.m2\repository\org\apache\ant\ant-launcher\1.8.1\ant-launcher-1.8.1.jar;D:\Users\Perrine\.m2\repository\org\mapsforge\mapsforge-map-reader\0.13.0\mapsforge-map-reader-0.13.0.jar
Launcher Type: SUN_STANDARD

[Global flags]
     intx CICompilerCount                          = 3                                         {product} {ergonomic}
     uint ConcGCThreads                            = 1                                         {product} {ergonomic}
     uint G1ConcRefinementThreads                  = 4                                         {product} {ergonomic}
   size_t G1HeapRegionSize                         = 1048576                                   {product} {ergonomic}
    uintx GCDrainStackTargetSize                   = 64                                        {product} {ergonomic}
   size_t InitialHeapSize                          = 67108864                                  {product} {ergonomic}
   size_t MarkStackSize                            = 4194304                                   {product} {ergonomic}
   size_t MaxHeapSize                              = 1044381696                                {product} {ergonomic}
   size_t MaxNewSize                               = 625999872                                 {product} {ergonomic}
   size_t MinHeapDeltaBytes                        = 1048576                                   {product} {ergonomic}
    uintx NonNMethodCodeHeapSize                   = 5830732                                {pd product} {ergonomic}
    uintx NonProfiledCodeHeapSize                  = 122913754                              {pd product} {ergonomic}
    uintx ProfiledCodeHeapSize                     = 122913754                              {pd product} {ergonomic}
    uintx ReservedCodeCacheSize                    = 251658240                              {pd product} {ergonomic}
     bool SegmentedCodeCache                       = true                                      {product} {ergonomic}
     bool UseCompressedClassPointers               = true                                 {lp64_product} {ergonomic}
     bool UseCompressedOops                        = true                                 {lp64_product} {ergonomic}
     bool UseG1GC                                  = true                                      {product} {ergonomic}
     bool UseLargePagesIndividualAllocation        = false                                  {pd product} {ergonomic}

Logging:
Log output configuration:
 #0: stdout all=warning uptime,level,tags
 #1: stderr all=off uptime,level,tags

Environment Variables:
PATH=C:/Program Files/Java/jdk-12.0.2/bin/server;C:/Program Files/Java/jdk-12.0.2/bin;C:\Program Files (x86)\Common Files\Oracle\Java\javapath;C:\ProgramData\Oracle\Java\javapath;C:\Program Files (x86)\Intel\TXE Components\TCS\;C:\Program Files\Intel\TXE Components\TCS\;C:\windows\system32;C:\windows;C:\windows\System32\Wbem;C:\windows\System32\WindowsPowerShell\v1.0\;C:\Program Files (x86)\Windows Live\Shared;D:\Users\Perrine\Documents\Git\cmd;D:\Users\Perrine\Desktop;
USERNAME=Perrine
OS=Windows_NT
PROCESSOR_IDENTIFIER=Intel64 Family 6 Model 55 Stepping 8, GenuineIntel



---------------  S Y S T E M  ---------------

OS: Windows 8.1 , 64 bit Build 9600 (6.3.9600.17056)

CPU:total 4 (initial active 4) (4 cores per cpu, 1 threads per core) family 6 model 55 stepping 8, cmov, cx8, fxsr, mmx, sse, sse2, sse3, ssse3, sse4.1, sse4.2, popcnt, clmul, erms, 3dnowpref, tsc, tscinvbit

Memory: 4k page, system-wide physical 3983M (305M free)
TotalPageFile size 11594M (AvailPageFile size 130M)
current process WorkingSet (physical memory assigned to process): 395M, peak: 406M
current process commit charge ("private bytes"): 519M, peak: 753M

vm_info: Java HotSpot(TM) 64-Bit Server VM (12.0.2+10) for windows-amd64 JRE (12.0.2+10), built on Jul 16 2019 01:56:17 by "mach5one" with MS VC++ 15.5 (VS2017)

END.
