#
# There is insufficient memory for the Java Runtime Environment to continue.
# Native memory allocation (mmap) failed to map 260046848 bytes for Failed to commit area from 0x00000000c9900000 to 0x00000000d9100000 of length 260046848.
# Possible reasons:
#   The system is out of physical RAM or swap space
#   The process is running with CompressedOops enabled, and the Java Heap may be blocking the growth of the native heap
# Possible solutions:
#   Reduce memory load on the system
#   Increase physical memory or swap space
#   Check if swap backing store is full
#   Decrease Java heap size (-Xmx/-Xms)
#   Decrease number of Java threads
#   Decrease Java thread stack sizes (-Xss)
#   Set larger code cache with -XX:ReservedCodeCacheSize=
#   JVM is running with Unscaled Compressed Oops mode in which the Java heap is
#     placed in the first 4GB address space. The Java Heap base address is the
#     maximum limit for the native heap growth. Please use -XX:HeapBaseMinAddress
#     to set the Java Heap base and to place the Java Heap above 4GB virtual address.
# This output file may be truncated or incomplete.
#
#  Out of Memory Error (t:/workspace/open/src/hotspot/os/windows/os_windows.cpp:3264), pid=11384, tid=3224
#
# JRE version: Java(TM) SE Runtime Environment (12.0.2+10) (build 12.0.2+10)
# Java VM: Java HotSpot(TM) 64-Bit Server VM (12.0.2+10, mixed mode, sharing, tiered, compressed oops, g1 gc, windows-amd64)
# No core dump will be written. Minidumps are not enabled by default on client versions of Windows
#

---------------  S U M M A R Y ------------

Command Line: -Dfile.encoding=UTF-8 org.insa.graphs.gui.MainWindow

Host: Intel(R) Pentium(R) CPU  N3530  @ 2.16GHz, 4 cores, 3G,  Windows 8.1 , 64 bit Build 9600 (6.3.9600.17056)
Time: Fri Apr 24 16:57:37 2020 Paris, Madrid (heure d?été) elapsed time: 8 seconds (0d 0h 0m 8s)

---------------  T H R E A D  ---------------

Current thread (0x000000a3bc3bf000):  VMThread "VM Thread" [stack: 0x000000a3bcc50000,0x000000a3bcd50000] [id=3224]

Stack: [0x000000a3bcc50000,0x000000a3bcd50000]
[error occurred during error reporting (printing stack bounds), id 0xc0000005, EXCEPTION_ACCESS_VIOLATION (0xc0000005) at pc=0x000000a3a85f0bbe]

Native frames: (J=compiled Java code, j=interpreted, Vv=VM code, C=native code)
V  [jvm.dll+0x63aa2a]
V  [jvm.dll+0x78ce1e]
V  [jvm.dll+0x78e4c1]
V  [jvm.dll+0x78ea75]
V  [jvm.dll+0x78ea2b]
V  [jvm.dll+0x63a134]
V  [jvm.dll+0x63a4f8]
C  [ntdll.dll+0x933fd]
C  [ntdll.dll+0x54847]
C  [ntdll.dll+0x9258a]
C  0x000000a3a85f0bbe

VM_Operation (0x000000a3bef6d710): G1CollectForAllocation, mode: safepoint, requested by thread 0x000000a3be6ba000


---------------  P R O C E S S  ---------------

Threads class SMR info:
_java_thread_list=0x000000a3be935f90, length=21, elements={
0x000000a3bc3c3000, 0x000000a3bc3c4800, 0x000000a3bc3d6800, 0x000000a3bc3d9800,
0x000000a3bc3e8800, 0x000000a3bc3ee000, 0x000000a3bd458800, 0x000000a3bd54b000,
0x000000a3bd560000, 0x000000a3bd816000, 0x000000a3bd816800, 0x000000a3bd818000,
0x000000a3be6ba000, 0x000000a3a0220800, 0x000000a3bf467000, 0x000000a3be924000,
0x000000a3bec01800, 0x000000a3bec24000, 0x000000a3bd824800, 0x000000a3bec4c800,
0x000000a3bf668800
}

Java Threads: ( => current thread )
  0x000000a3bc3c3000 JavaThread "Reference Handler" daemon [_thread_blocked, id=4668, stack(0x000000a3bcd50000,0x000000a3bce50000)]
  0x000000a3bc3c4800 JavaThread "Finalizer" daemon [_thread_blocked, id=15416, stack(0x000000a3bce50000,0x000000a3bcf50000)]
  0x000000a3bc3d6800 JavaThread "Signal Dispatcher" daemon [_thread_blocked, id=9268, stack(0x000000a3bd050000,0x000000a3bd150000)]
  0x000000a3bc3d9800 JavaThread "Attach Listener" daemon [_thread_blocked, id=12388, stack(0x000000a3bd150000,0x000000a3bd250000)]
  0x000000a3bc3e8800 JavaThread "C2 CompilerThread0" daemon [_thread_blocked, id=4164, stack(0x000000a3bd250000,0x000000a3bd350000)]
  0x000000a3bc3ee000 JavaThread "C1 CompilerThread0" daemon [_thread_blocked, id=15576, stack(0x000000a3bd350000,0x000000a3bd450000)]
  0x000000a3bd458800 JavaThread "Sweeper thread" daemon [_thread_blocked, id=10252, stack(0x000000a3bd850000,0x000000a3bd950000)]
  0x000000a3bd54b000 JavaThread "Service Thread" daemon [_thread_blocked, id=6060, stack(0x000000a3bd950000,0x000000a3bda50000)]
  0x000000a3bd560000 JavaThread "Common-Cleaner" daemon [_thread_blocked, id=13644, stack(0x000000a3bdb50000,0x000000a3bdc50000)]
  0x000000a3bd816000 JavaThread "Java2D Disposer" daemon [_thread_blocked, id=3960, stack(0x000000a3bde60000,0x000000a3bdf60000)]
  0x000000a3bd816800 JavaThread "AWT-Shutdown" [_thread_blocked, id=13556, stack(0x000000a3bdf60000,0x000000a3be060000)]
  0x000000a3bd818000 JavaThread "AWT-Windows" daemon [_thread_in_native, id=14680, stack(0x000000a3be060000,0x000000a3be160000)]
  0x000000a3be6ba000 JavaThread "AWT-EventQueue-0" [_thread_blocked, id=19180, stack(0x000000a3bee70000,0x000000a3bef70000)]
  0x000000a3a0220800 JavaThread "DestroyJavaVM" [_thread_blocked, id=7328, stack(0x000000a39f8c0000,0x000000a39f9c0000)]
  0x000000a3bf467000 JavaThread "Animator" [_thread_blocked, id=11996, stack(0x000000a3c0320000,0x000000a3c0420000)]
  0x000000a3be924000 JavaThread "LayerManager" [_thread_blocked, id=11164, stack(0x000000a3c0420000,0x000000a3c0520000)]
  0x000000a3bec01800 JavaThread "TimerQueue" daemon [_thread_blocked, id=19824, stack(0x000000a3c0e20000,0x000000a3c0f20000)]
  0x000000a3bec24000 JavaThread "Image Fetcher 0" daemon [_thread_blocked, id=3776, stack(0x000000a3c0f20000,0x000000a3c1020000)]
  0x000000a3bd824800 JavaThread "Image Fetcher 1" daemon [_thread_blocked, id=12468, stack(0x000000a3c1420000,0x000000a3c1520000)]
  0x000000a3bec4c800 JavaThread "Swing-Shell" daemon [_thread_blocked, id=14252, stack(0x000000a3c1520000,0x000000a3c1620000)]
  0x000000a3bf668800 JavaThread "Thread-2" [_thread_blocked, id=18400, stack(0x000000a3c23f0000,0x000000a3c24f0000)]

Other Threads:
=>0x000000a3bc3bf000 VMThread "VM Thread" [stack: 0x000000a3bcc50000,0x000000a3bcd50000] [id=3224]
  0x000000a3bd555800 WatcherThread [stack: 0x000000a3bda50000,0x000000a3bdb50000] [id=8120]
  0x000000a3a0249000 GCTaskThread "GC Thread#0" [stack: 0x000000a3b9910000,0x000000a3b9a10000] [id=16880]
  0x000000a3bec27800 GCTaskThread "GC Thread#1" [stack: 0x000000a3c1020000,0x000000a3c1120000] [id=16644]
  0x000000a3bec28800 GCTaskThread "GC Thread#2" [stack: 0x000000a3c1120000,0x000000a3c1220000] [id=14884]
  0x000000a3bec30000 GCTaskThread "GC Thread#3" [stack: 0x000000a3c1220000,0x000000a3c1320000] [id=12368]
  0x000000a3a0251800 ConcurrentGCThread "G1 Main Marker" [stack: 0x000000a3b9a10000,0x000000a3b9b10000] [id=17912]
  0x000000a3a025b000 ConcurrentGCThread "G1 Conc#0" [stack: 0x000000a3b9b10000,0x000000a3b9c10000] [id=14092]
  0x000000a3a02b4000 ConcurrentGCThread "G1 Refine#0" [stack: 0x000000a3bc050000,0x000000a3bc150000] [id=21400]
  0x000000a3bd630800 ConcurrentGCThread "G1 Refine#1" [stack: 0x000000a3c1320000,0x000000a3c1420000] [id=17372]
  0x000000a3a02b6000 ConcurrentGCThread "G1 Young RemSet Sampling" [stack: 0x000000a3bc150000,0x000000a3bc250000] [id=424]

Threads with active compile tasks:
C1 CompilerThread0  2184   !   3       javax.swing.JComponent::paintChildren (691 bytes)

VM state:at safepoint (normal execution)

VM Mutex/Monitor currently owned by a thread:  ([mutex/lock_event])
[0x000000a3a021d0f0] Threads_lock - owner thread: 0x000000a3bc3bf000
[0x000000a3a021cfd0] Heap_lock - owner thread: 0x000000a3be6ba000

Heap address: 0x00000000c1c00000, size: 996 MB, Compressed Oops mode: 32-bit
Narrow klass base: 0x0000000800000000, Narrow klass shift: 3
Compressed class space size: 1073741824 Address: 0x0000000801190000

Heap:
 garbage-first heap   total 381952K, used 104228K [0x00000000c1c00000, 0x0000000100000000)
  region size 1024K, 1 young (1024K), 1 survivors (1024K)
 Metaspace       used 14802K, capacity 15128K, committed 15360K, reserved 1062912K
  class space    used 1820K, capacity 1977K, committed 2048K, reserved 1048576K
Heap Regions: E=young(eden), S=young(survivor), O=old, HS=humongous(starts), HC=humongous(continues), CS=collection set, F=free, A=archive, TAMS=top-at-mark-start (previous, next)
|   0|0x00000000c1c00000, 0x00000000c1d00000, 0x00000000c1d00000|100%| O|  |TAMS 0x00000000c1c00000, 0x00000000c1d00000| Untracked 
|   1|0x00000000c1d00000, 0x00000000c1e00000, 0x00000000c1e00000|100%| O|  |TAMS 0x00000000c1d00000, 0x00000000c1e00000| Untracked 
|   2|0x00000000c1e00000, 0x00000000c1f00000, 0x00000000c1f00000|100%|HS|  |TAMS 0x00000000c1f00000, 0x00000000c1f00000| Complete 
|   3|0x00000000c1f00000, 0x00000000c2000000, 0x00000000c2000000|100%|HC|  |TAMS 0x00000000c2000000, 0x00000000c2000000| Complete 
|   4|0x00000000c2000000, 0x00000000c2100000, 0x00000000c2100000|100%|HC|  |TAMS 0x00000000c2100000, 0x00000000c2100000| Complete 
|   5|0x00000000c2100000, 0x00000000c2200000, 0x00000000c2200000|100%|HC|  |TAMS 0x00000000c2200000, 0x00000000c2200000| Complete 
|   6|0x00000000c2200000, 0x00000000c2300000, 0x00000000c2300000|100%| O|  |TAMS 0x00000000c2300000, 0x00000000c2300000| Untracked 
|   7|0x00000000c2300000, 0x00000000c2400000, 0x00000000c2400000|100%| O|  |TAMS 0x00000000c2400000, 0x00000000c2400000| Untracked 
|   8|0x00000000c2400000, 0x00000000c2500000, 0x00000000c2500000|100%| O|  |TAMS 0x00000000c2500000, 0x00000000c2500000| Untracked 
|   9|0x00000000c2500000, 0x00000000c2600000, 0x00000000c2600000|100%| O|  |TAMS 0x00000000c2600000, 0x00000000c2600000| Untracked 
|  10|0x00000000c2600000, 0x00000000c2700000, 0x00000000c2700000|100%|HS|  |TAMS 0x00000000c2700000, 0x00000000c2700000| Complete 
|  11|0x00000000c2700000, 0x00000000c2800000, 0x00000000c2800000|100%|HC|  |TAMS 0x00000000c2800000, 0x00000000c2800000| Complete 
|  12|0x00000000c2800000, 0x00000000c2900000, 0x00000000c2900000|100%|HC|  |TAMS 0x00000000c2900000, 0x00000000c2900000| Complete 
|  13|0x00000000c2900000, 0x00000000c2a00000, 0x00000000c2a00000|100%|HC|  |TAMS 0x00000000c2a00000, 0x00000000c2a00000| Complete 
|  14|0x00000000c2a00000, 0x00000000c2b00000, 0x00000000c2b00000|100%|HC|  |TAMS 0x00000000c2b00000, 0x00000000c2b00000| Complete 
|  15|0x00000000c2b00000, 0x00000000c2c00000, 0x00000000c2c00000|100%|HS|  |TAMS 0x00000000c2c00000, 0x00000000c2c00000| Complete 
|  16|0x00000000c2c00000, 0x00000000c2d00000, 0x00000000c2d00000|100%|HC|  |TAMS 0x00000000c2d00000, 0x00000000c2d00000| Complete 
|  17|0x00000000c2d00000, 0x00000000c2e00000, 0x00000000c2e00000|100%|HC|  |TAMS 0x00000000c2e00000, 0x00000000c2e00000| Complete 
|  18|0x00000000c2e00000, 0x00000000c2f00000, 0x00000000c2f00000|100%|HC|  |TAMS 0x00000000c2f00000, 0x00000000c2f00000| Complete 
|  19|0x00000000c2f00000, 0x00000000c3000000, 0x00000000c3000000|100%|HC|  |TAMS 0x00000000c3000000, 0x00000000c3000000| Complete 
|  20|0x00000000c3000000, 0x00000000c3100000, 0x00000000c3100000|100%| O|  |TAMS 0x00000000c3100000, 0x00000000c3100000| Untracked 
|  21|0x00000000c3100000, 0x00000000c3200000, 0x00000000c3200000|100%| O|  |TAMS 0x00000000c3200000, 0x00000000c3200000| Untracked 
|  22|0x00000000c3200000, 0x00000000c3300000, 0x00000000c3300000|100%| O|  |TAMS 0x00000000c3300000, 0x00000000c3300000| Untracked 
|  23|0x00000000c3300000, 0x00000000c3400000, 0x00000000c3400000|100%| O|  |TAMS 0x00000000c3400000, 0x00000000c3400000| Untracked 
|  24|0x00000000c3400000, 0x00000000c3500000, 0x00000000c3500000|100%| O|  |TAMS 0x00000000c3500000, 0x00000000c3500000| Untracked 
|  25|0x00000000c3500000, 0x00000000c3600000, 0x00000000c3600000|100%| O|  |TAMS 0x00000000c3600000, 0x00000000c3600000| Untracked 
|  26|0x00000000c3600000, 0x00000000c3700000, 0x00000000c3700000|100%| O|  |TAMS 0x00000000c3700000, 0x00000000c3700000| Untracked 
|  27|0x00000000c3700000, 0x00000000c3800000, 0x00000000c3800000|100%| O|  |TAMS 0x00000000c3800000, 0x00000000c3800000| Untracked 
|  28|0x00000000c3800000, 0x00000000c3900000, 0x00000000c3900000|100%| O|  |TAMS 0x00000000c3900000, 0x00000000c3900000| Untracked 
|  29|0x00000000c3900000, 0x00000000c3a00000, 0x00000000c3a00000|100%| O|  |TAMS 0x00000000c3989000, 0x00000000c3a00000| Untracked 
|  30|0x00000000c3a00000, 0x00000000c3b00000, 0x00000000c3b00000|100%| O|  |TAMS 0x00000000c3a00000, 0x00000000c3b00000| Untracked 
|  31|0x00000000c3b00000, 0x00000000c3c00000, 0x00000000c3c00000|100%| O|  |TAMS 0x00000000c3b00000, 0x00000000c3c00000| Untracked 
|  32|0x00000000c3c00000, 0x00000000c3d00000, 0x00000000c3d00000|100%| O|  |TAMS 0x00000000c3c00000, 0x00000000c3d00000| Untracked 
|  33|0x00000000c3d00000, 0x00000000c3e00000, 0x00000000c3e00000|100%| O|  |TAMS 0x00000000c3d00000, 0x00000000c3e00000| Untracked 
|  34|0x00000000c3e00000, 0x00000000c3f00000, 0x00000000c3f00000|100%| O|  |TAMS 0x00000000c3e00000, 0x00000000c3f00000| Untracked 
|  35|0x00000000c3f00000, 0x00000000c4000000, 0x00000000c4000000|100%| O|  |TAMS 0x00000000c3f00000, 0x00000000c4000000| Untracked 
|  36|0x00000000c4000000, 0x00000000c4100000, 0x00000000c4100000|100%| O|  |TAMS 0x00000000c4000000, 0x00000000c4100000| Untracked 
|  37|0x00000000c4100000, 0x00000000c4200000, 0x00000000c4200000|100%| O|  |TAMS 0x00000000c4100000, 0x00000000c4200000| Untracked 
|  38|0x00000000c4200000, 0x00000000c4300000, 0x00000000c4300000|100%| O|  |TAMS 0x00000000c4200000, 0x00000000c4300000| Untracked 
|  39|0x00000000c4300000, 0x00000000c4400000, 0x00000000c4400000|100%| O|  |TAMS 0x00000000c4300000, 0x00000000c4400000| Untracked 
|  40|0x00000000c4400000, 0x00000000c4500000, 0x00000000c4500000|100%| O|  |TAMS 0x00000000c4400000, 0x00000000c4500000| Untracked 
|  41|0x00000000c4500000, 0x00000000c4600000, 0x00000000c4600000|100%| O|  |TAMS 0x00000000c4500000, 0x00000000c4600000| Untracked 
|  42|0x00000000c4600000, 0x00000000c4700000, 0x00000000c4700000|100%| O|  |TAMS 0x00000000c4600000, 0x00000000c4700000| Untracked 
|  43|0x00000000c4700000, 0x00000000c4800000, 0x00000000c4800000|100%| O|  |TAMS 0x00000000c4700000, 0x00000000c4800000| Untracked 
|  44|0x00000000c4800000, 0x00000000c4900000, 0x00000000c4900000|100%| O|  |TAMS 0x00000000c4800000, 0x00000000c4900000| Untracked 
|  45|0x00000000c4900000, 0x00000000c4a00000, 0x00000000c4a00000|100%| O|  |TAMS 0x00000000c4900000, 0x00000000c4a00000| Untracked 
|  46|0x00000000c4a00000, 0x00000000c4b00000, 0x00000000c4b00000|100%| O|  |TAMS 0x00000000c4a00000, 0x00000000c4b00000| Untracked 
|  47|0x00000000c4b00000, 0x00000000c4c00000, 0x00000000c4c00000|100%| O|  |TAMS 0x00000000c4b00000, 0x00000000c4c00000| Untracked 
|  48|0x00000000c4c00000, 0x00000000c4d00000, 0x00000000c4d00000|100%| O|  |TAMS 0x00000000c4c00000, 0x00000000c4d00000| Untracked 
|  49|0x00000000c4d00000, 0x00000000c4e00000, 0x00000000c4e00000|100%| O|  |TAMS 0x00000000c4d00000, 0x00000000c4e00000| Untracked 
|  50|0x00000000c4e00000, 0x00000000c4f00000, 0x00000000c4f00000|100%| O|  |TAMS 0x00000000c4e00000, 0x00000000c4f00000| Untracked 
|  51|0x00000000c4f00000, 0x00000000c5000000, 0x00000000c5000000|100%| O|  |TAMS 0x00000000c4f00000, 0x00000000c5000000| Untracked 
|  52|0x00000000c5000000, 0x00000000c5100000, 0x00000000c5100000|100%| O|  |TAMS 0x00000000c5000000, 0x00000000c5100000| Untracked 
|  53|0x00000000c5100000, 0x00000000c5200000, 0x00000000c5200000|100%| O|  |TAMS 0x00000000c5100000, 0x00000000c5200000| Untracked 
|  54|0x00000000c5200000, 0x00000000c5300000, 0x00000000c5300000|100%| O|  |TAMS 0x00000000c5200000, 0x00000000c5300000| Untracked 
|  55|0x00000000c5300000, 0x00000000c5400000, 0x00000000c5400000|100%| O|  |TAMS 0x00000000c5300000, 0x00000000c5400000| Untracked 
|  56|0x00000000c5400000, 0x00000000c5500000, 0x00000000c5500000|100%| O|  |TAMS 0x00000000c5400000, 0x00000000c5500000| Untracked 
|  57|0x00000000c5500000, 0x00000000c5600000, 0x00000000c5600000|100%| O|  |TAMS 0x00000000c5500000, 0x00000000c5600000| Untracked 
|  58|0x00000000c5600000, 0x00000000c5700000, 0x00000000c5700000|100%| O|  |TAMS 0x00000000c5600000, 0x00000000c5700000| Untracked 
|  59|0x00000000c5700000, 0x00000000c5800000, 0x00000000c5800000|100%| O|  |TAMS 0x00000000c5700000, 0x00000000c5800000| Untracked 
|  60|0x00000000c5800000, 0x00000000c5900000, 0x00000000c5900000|100%| O|  |TAMS 0x00000000c5800000, 0x00000000c5900000| Untracked 
|  61|0x00000000c5900000, 0x00000000c5a00000, 0x00000000c5a00000|100%| O|  |TAMS 0x00000000c5900000, 0x00000000c5a00000| Untracked 
|  62|0x00000000c5a00000, 0x00000000c5b00000, 0x00000000c5b00000|100%| O|  |TAMS 0x00000000c5a00000, 0x00000000c5b00000| Untracked 
|  63|0x00000000c5b00000, 0x00000000c5c00000, 0x00000000c5c00000|100%| O|  |TAMS 0x00000000c5b00000, 0x00000000c5c00000| Untracked 
|  64|0x00000000c5c00000, 0x00000000c5d00000, 0x00000000c5d00000|100%| O|  |TAMS 0x00000000c5c00000, 0x00000000c5d00000| Untracked 
|  65|0x00000000c5d00000, 0x00000000c5e00000, 0x00000000c5e00000|100%| O|  |TAMS 0x00000000c5d00000, 0x00000000c5e00000| Untracked 
|  66|0x00000000c5e00000, 0x00000000c5f00000, 0x00000000c5f00000|100%| O|  |TAMS 0x00000000c5e00000, 0x00000000c5f00000| Untracked 
|  67|0x00000000c5f00000, 0x00000000c6000000, 0x00000000c6000000|100%| O|  |TAMS 0x00000000c5f00000, 0x00000000c6000000| Untracked 
|  68|0x00000000c6000000, 0x00000000c6100000, 0x00000000c6100000|100%| O|  |TAMS 0x00000000c6000000, 0x00000000c6100000| Untracked 
|  69|0x00000000c6100000, 0x00000000c6200000, 0x00000000c6200000|100%| O|  |TAMS 0x00000000c6100000, 0x00000000c6200000| Untracked 
|  70|0x00000000c6200000, 0x00000000c6300000, 0x00000000c6300000|100%| O|  |TAMS 0x00000000c6200000, 0x00000000c6300000| Untracked 
|  71|0x00000000c6300000, 0x00000000c6400000, 0x00000000c6400000|100%| O|  |TAMS 0x00000000c6300000, 0x00000000c6400000| Untracked 
|  72|0x00000000c6400000, 0x00000000c6500000, 0x00000000c6500000|100%| O|  |TAMS 0x00000000c6400000, 0x00000000c6500000| Untracked 
|  73|0x00000000c6500000, 0x00000000c6600000, 0x00000000c6600000|100%| O|  |TAMS 0x00000000c6500000, 0x00000000c6600000| Untracked 
|  74|0x00000000c6600000, 0x00000000c6700000, 0x00000000c6700000|100%| O|  |TAMS 0x00000000c6600000, 0x00000000c6700000| Untracked 
|  75|0x00000000c6700000, 0x00000000c6800000, 0x00000000c6800000|100%| O|  |TAMS 0x00000000c6700000, 0x00000000c6800000| Untracked 
|  76|0x00000000c6800000, 0x00000000c6900000, 0x00000000c6900000|100%| O|  |TAMS 0x00000000c6800000, 0x00000000c6832e00| Untracked 
|  77|0x00000000c6900000, 0x00000000c6a00000, 0x00000000c6a00000|100%| O|  |TAMS 0x00000000c6900000, 0x00000000c6900000| Untracked 
|  78|0x00000000c6a00000, 0x00000000c6b00000, 0x00000000c6b00000|100%| O|  |TAMS 0x00000000c6a00000, 0x00000000c6a00000| Untracked 
|  79|0x00000000c6b00000, 0x00000000c6c00000, 0x00000000c6c00000|100%| O|  |TAMS 0x00000000c6b00000, 0x00000000c6b00000| Untracked 
|  80|0x00000000c6c00000, 0x00000000c6d00000, 0x00000000c6d00000|100%| O|  |TAMS 0x00000000c6c00000, 0x00000000c6c00000| Untracked 
|  81|0x00000000c6d00000, 0x00000000c6e00000, 0x00000000c6e00000|100%| O|  |TAMS 0x00000000c6d00000, 0x00000000c6d00000| Untracked 
|  82|0x00000000c6e00000, 0x00000000c6f00000, 0x00000000c6f00000|100%| O|  |TAMS 0x00000000c6e00000, 0x00000000c6e00000| Untracked 
|  83|0x00000000c6f00000, 0x00000000c7000000, 0x00000000c7000000|100%| O|  |TAMS 0x00000000c6f00000, 0x00000000c6f00000| Untracked 
|  84|0x00000000c7000000, 0x00000000c7100000, 0x00000000c7100000|100%| O|  |TAMS 0x00000000c7000000, 0x00000000c7000000| Untracked 
|  85|0x00000000c7100000, 0x00000000c7200000, 0x00000000c7200000|100%| O|  |TAMS 0x00000000c7100000, 0x00000000c7100000| Untracked 
|  86|0x00000000c7200000, 0x00000000c7300000, 0x00000000c7300000|100%| O|  |TAMS 0x00000000c7200000, 0x00000000c7200000| Untracked 
|  87|0x00000000c7300000, 0x00000000c7400000, 0x00000000c7400000|100%| O|  |TAMS 0x00000000c7300000, 0x00000000c7300000| Untracked 
|  88|0x00000000c7400000, 0x00000000c7500000, 0x00000000c7500000|100%| O|  |TAMS 0x00000000c7400000, 0x00000000c7400000| Untracked 
|  89|0x00000000c7500000, 0x00000000c7600000, 0x00000000c7600000|100%| O|  |TAMS 0x00000000c7500000, 0x00000000c7500000| Untracked 
|  90|0x00000000c7600000, 0x00000000c7700000, 0x00000000c7700000|100%| O|  |TAMS 0x00000000c7600000, 0x00000000c7600000| Untracked 
|  91|0x00000000c7700000, 0x00000000c7800000, 0x00000000c7800000|100%| O|  |TAMS 0x00000000c7700000, 0x00000000c7700000| Untracked 
|  92|0x00000000c7800000, 0x00000000c7900000, 0x00000000c7900000|100%| O|  |TAMS 0x00000000c7800000, 0x00000000c7800000| Untracked 
|  93|0x00000000c7900000, 0x00000000c7a00000, 0x00000000c7a00000|100%| O|  |TAMS 0x00000000c7900000, 0x00000000c7900000| Untracked 
|  94|0x00000000c7a00000, 0x00000000c7b00000, 0x00000000c7b00000|100%| O|  |TAMS 0x00000000c7a00000, 0x00000000c7a00000| Untracked 
|  95|0x00000000c7b00000, 0x00000000c7c00000, 0x00000000c7c00000|100%| O|  |TAMS 0x00000000c7b00000, 0x00000000c7b00000| Untracked 
|  96|0x00000000c7c00000, 0x00000000c7d00000, 0x00000000c7d00000|100%| O|  |TAMS 0x00000000c7c00000, 0x00000000c7c00000| Untracked 
|  97|0x00000000c7d00000, 0x00000000c7e00000, 0x00000000c7e00000|100%| O|  |TAMS 0x00000000c7d00000, 0x00000000c7d00000| Untracked 
|  98|0x00000000c7e00000, 0x00000000c7f00000, 0x00000000c7f00000|100%| O|  |TAMS 0x00000000c7e00000, 0x00000000c7e00000| Untracked 
|  99|0x00000000c7f00000, 0x00000000c8000000, 0x00000000c8000000|100%| O|  |TAMS 0x00000000c7f00000, 0x00000000c7f00000| Untracked 
| 100|0x00000000c8000000, 0x00000000c80c9000, 0x00000000c8100000| 78%| O|  |TAMS 0x00000000c8000000, 0x00000000c8000000| Untracked 
| 101|0x00000000c8100000, 0x00000000c8100000, 0x00000000c8200000|  0%| F|  |TAMS 0x00000000c8100000, 0x00000000c8100000| Untracked 
| 102|0x00000000c8200000, 0x00000000c8200000, 0x00000000c8300000|  0%| F|  |TAMS 0x00000000c8200000, 0x00000000c8200000| Untracked 
| 103|0x00000000c8300000, 0x00000000c8300000, 0x00000000c8400000|  0%| F|  |TAMS 0x00000000c8300000, 0x00000000c8300000| Untracked 
| 104|0x00000000c8400000, 0x00000000c8400000, 0x00000000c8500000|  0%| F|  |TAMS 0x00000000c8400000, 0x00000000c8400000| Untracked 
| 105|0x00000000c8500000, 0x00000000c8500000, 0x00000000c8600000|  0%| F|  |TAMS 0x00000000c8500000, 0x00000000c8500000| Untracked 
| 106|0x00000000c8600000, 0x00000000c8600000, 0x00000000c8700000|  0%| F|  |TAMS 0x00000000c8600000, 0x00000000c8600000| Untracked 
| 107|0x00000000c8700000, 0x00000000c8700000, 0x00000000c8800000|  0%| F|  |TAMS 0x00000000c8700000, 0x00000000c8700000| Untracked 
| 108|0x00000000c8800000, 0x00000000c8800000, 0x00000000c8900000|  0%| F|  |TAMS 0x00000000c8800000, 0x00000000c8800000| Untracked 
| 109|0x00000000c8900000, 0x00000000c8900000, 0x00000000c8a00000|  0%| F|  |TAMS 0x00000000c8900000, 0x00000000c8900000| Untracked 
| 110|0x00000000c8a00000, 0x00000000c8a00000, 0x00000000c8b00000|  0%| F|  |TAMS 0x00000000c8a00000, 0x00000000c8a00000| Untracked 
| 111|0x00000000c8b00000, 0x00000000c8b00000, 0x00000000c8c00000|  0%| F|  |TAMS 0x00000000c8b00000, 0x00000000c8b00000| Untracked 
| 112|0x00000000c8c00000, 0x00000000c8c00000, 0x00000000c8d00000|  0%| F|  |TAMS 0x00000000c8c00000, 0x00000000c8c00000| Untracked 
| 113|0x00000000c8d00000, 0x00000000c8d00000, 0x00000000c8e00000|  0%| F|  |TAMS 0x00000000c8d00000, 0x00000000c8d00000| Untracked 
| 114|0x00000000c8e00000, 0x00000000c8e00000, 0x00000000c8f00000|  0%| F|  |TAMS 0x00000000c8e00000, 0x00000000c8e00000| Untracked 
| 115|0x00000000c8f00000, 0x00000000c8f00000, 0x00000000c9000000|  0%| F|  |TAMS 0x00000000c8f00000, 0x00000000c8f00000| Untracked 
| 116|0x00000000c9000000, 0x00000000c9000000, 0x00000000c9100000|  0%| F|  |TAMS 0x00000000c9000000, 0x00000000c9000000| Untracked 
| 117|0x00000000c9100000, 0x00000000c9100000, 0x00000000c9200000|  0%| F|  |TAMS 0x00000000c9100000, 0x00000000c9100000| Untracked 
| 118|0x00000000c9200000, 0x00000000c9200000, 0x00000000c9300000|  0%| F|  |TAMS 0x00000000c9200000, 0x00000000c9200000| Untracked 
| 119|0x00000000c9300000, 0x00000000c9400000, 0x00000000c9400000|100%| S|CS|TAMS 0x00000000c9300000, 0x00000000c9300000| Complete 
| 120|0x00000000c9400000, 0x00000000c9400000, 0x00000000c9500000|  0%| F|  |TAMS 0x00000000c9400000, 0x00000000c9400000| Untracked 
| 121|0x00000000c9500000, 0x00000000c9500000, 0x00000000c9600000|  0%| F|  |TAMS 0x00000000c9500000, 0x00000000c9500000| Untracked 
| 122|0x00000000c9600000, 0x00000000c9600000, 0x00000000c9700000|  0%| F|  |TAMS 0x00000000c9600000, 0x00000000c9600000| Untracked 
| 123|0x00000000c9700000, 0x00000000c9700000, 0x00000000c9800000|  0%| F|  |TAMS 0x00000000c9700000, 0x00000000c9700000| Untracked 
| 124|0x00000000c9800000, 0x00000000c9800000, 0x00000000c9900000|  0%| F|  |TAMS 0x00000000c9800000, 0x00000000c9800000| Untracked 

Card table byte_map: [0x000000a3b75f0000,0x000000a3b77f0000] _byte_map_base: 0x000000a3b6fe2000

Marking Bits (Prev, Next): (CMBitMap*) 0x000000a3a0249fa8, (CMBitMap*) 0x000000a3a0249f68
 Prev Bits: [0x000000a3b8980000, 0x000000a3b9910000)
 Next Bits: [0x000000a3b79f0000, 0x000000a3b8980000)

Polling page: 0x000000a39df50000

Metaspace:

Usage:
  Non-class:     12.84 MB capacity,    12.68 MB ( 99%) used,   131.27 KB ( <1%) free+waste,    37.44 KB ( <1%) overhead. 
      Class:      1.93 MB capacity,     1.78 MB ( 92%) used,   136.78 KB (  7%) free+waste,    19.88 KB (  1%) overhead. 
       Both:     14.77 MB capacity,    14.46 MB ( 98%) used,   268.05 KB (  2%) free+waste,    57.31 KB ( <1%) overhead. 

Virtual space:
  Non-class space:       14.00 MB reserved,      13.00 MB ( 93%) committed 
      Class space:        1.00 GB reserved,       2.00 MB ( <1%) committed 
             Both:        1.01 GB reserved,      15.00 MB (  1%) committed 

Chunk freelists:
   Non-Class:  4.13 KB
       Class:  896 bytes
        Both:  5.00 KB

CodeHeap 'non-profiled nmethods': size=120064Kb used=696Kb max_used=696Kb free=119367Kb
 bounds [0x000000a3b00b0000, 0x000000a3b0320000, 0x000000a3b75f0000]
CodeHeap 'profiled nmethods': size=120000Kb used=4729Kb max_used=4729Kb free=115270Kb
 bounds [0x000000a3a8b80000, 0x000000a3a9020000, 0x000000a3b00b0000]
CodeHeap 'non-nmethods': size=5696Kb used=1263Kb max_used=1279Kb free=4432Kb
 bounds [0x000000a3a85f0000, 0x000000a3a8860000, 0x000000a3a8b80000]
 total_blobs=3187 nmethods=2183 adapters=555
 compilation: enabled
              stopped_count=0, restarted_count=0
 full_count=0

Compilation events (10 events):
Event: 8.552 Thread 0x000000a3bc3ee000 nmethod 2179 0x000000a3a901ac10 code [0x000000a3a901ade0, 0x000000a3a901b178]
Event: 8.592 Thread 0x000000a3bc3e8800 2180       4       sun.java2d.pipe.Region::clipScale (41 bytes)
Event: 8.593 Thread 0x000000a3bc3e8800 nmethod 2180 0x000000a3b015da90 code [0x000000a3b015dc40, 0x000000a3b015dcd8]
Event: 8.594 Thread 0x000000a3bc3ee000 2181       3       sun.swing.SwingUtilities2::getFontMetrics (10 bytes)
Event: 8.597 Thread 0x000000a3bc3ee000 nmethod 2181 0x000000a3a901b210 code [0x000000a3a901b540, 0x000000a3a901c690]
Event: 8.597 Thread 0x000000a3bc3ee000 2182       3       sun.swing.SwingUtilities2::getFontMetrics (18 bytes)
Event: 8.599 Thread 0x000000a3bc3ee000 nmethod 2182 0x000000a3a901cc90 code [0x000000a3a901cfa0, 0x000000a3a901dfc0]
Event: 8.599 Thread 0x000000a3bc3ee000 2183       1       sun.awt.image.PixelConverter$Xrgb::rgbToPixel (2 bytes)
Event: 8.599 Thread 0x000000a3bc3ee000 nmethod 2183 0x000000a3b015dd90 code [0x000000a3b015df40, 0x000000a3b015e078]
Event: 8.607 Thread 0x000000a3bc3ee000 2184   !   3       javax.swing.JComponent::paintChildren (691 bytes)

GC Heap History (10 events):
Event: 8.185 GC heap after
{Heap after GC invocations=10 (full 0):
 garbage-first heap   total 78848K, used 64512K [0x00000000c1c00000, 0x0000000100000000)
  region size 1024K, 1 young (1024K), 1 survivors (1024K)
 Metaspace       used 14776K, capacity 15128K, committed 15360K, reserved 1062912K
  class space    used 1819K, capacity 1977K, committed 2048K, reserved 1048576K
}
Event: 8.209 GC heap before
{Heap before GC invocations=10 (full 0):
 garbage-first heap   total 106496K, used 64512K [0x00000000c1c00000, 0x0000000100000000)
  region size 1024K, 3 young (3072K), 1 survivors (1024K)
 Metaspace       used 14776K, capacity 15128K, committed 15360K, reserved 1062912K
  class space    used 1819K, capacity 1977K, committed 2048K, reserved 1048576K
}
Event: 8.223 GC heap after
{Heap after GC invocations=11 (full 0):
 garbage-first heap   total 128000K, used 64746K [0x00000000c1c00000, 0x0000000100000000)
  region size 1024K, 1 young (1024K), 1 survivors (1024K)
 Metaspace       used 14776K, capacity 15128K, committed 15360K, reserved 1062912K
  class space    used 1819K, capacity 1977K, committed 2048K, reserved 1048576K
}
Event: 8.401 GC heap before
{Heap before GC invocations=12 (full 0):
 garbage-first heap   total 128000K, used 81130K [0x00000000c1c00000, 0x0000000100000000)
  region size 1024K, 17 young (17408K), 1 survivors (1024K)
 Metaspace       used 14785K, capacity 15128K, committed 15360K, reserved 1062912K
  class space    used 1820K, capacity 1977K, committed 2048K, reserved 1048576K
}
Event: 8.448 GC heap after
{Heap after GC invocations=13 (full 0):
 garbage-first heap   total 128000K, used 81099K [0x00000000c1c00000, 0x0000000100000000)
  region size 1024K, 3 young (3072K), 3 survivors (3072K)
 Metaspace       used 14785K, capacity 15128K, committed 15360K, reserved 1062912K
  class space    used 1820K, capacity 1977K, committed 2048K, reserved 1048576K
}
Event: 8.496 GC heap before
{Heap before GC invocations=13 (full 0):
 garbage-first heap   total 128000K, used 91339K [0x00000000c1c00000, 0x0000000100000000)
  region size 1024K, 13 young (13312K), 3 survivors (3072K)
 Metaspace       used 14788K, capacity 15128K, committed 15360K, reserved 1062912K
  class space    used 1820K, capacity 1977K, committed 2048K, reserved 1048576K
}
Event: 8.534 GC heap after
{Heap after GC invocations=14 (full 0):
 garbage-first heap   total 128000K, used 92160K [0x00000000c1c00000, 0x0000000100000000)
  region size 1024K, 2 young (2048K), 2 survivors (2048K)
 Metaspace       used 14788K, capacity 15128K, committed 15360K, reserved 1062912K
  class space    used 1820K, capacity 1977K, committed 2048K, reserved 1048576K
}
Event: 8.566 GC heap before
{Heap before GC invocations=14 (full 0):
 garbage-first heap   total 128000K, used 98304K [0x00000000c1c00000, 0x0000000100000000)
  region size 1024K, 8 young (8192K), 2 survivors (2048K)
 Metaspace       used 14792K, capacity 15128K, committed 15360K, reserved 1062912K
  class space    used 1820K, capacity 1977K, committed 2048K, reserved 1048576K
}
Event: 8.592 GC heap after
{Heap after GC invocations=15 (full 0):
 garbage-first heap   total 128000K, used 98304K [0x00000000c1c00000, 0x0000000100000000)
  region size 1024K, 1 young (1024K), 1 survivors (1024K)
 Metaspace       used 14792K, capacity 15128K, committed 15360K, reserved 1062912K
  class space    used 1820K, capacity 1977K, committed 2048K, reserved 1048576K
}
Event: 8.620 GC heap before
{Heap before GC invocations=15 (full 0):
 garbage-first heap   total 128000K, used 103424K [0x00000000c1c00000, 0x0000000100000000)
  region size 1024K, 6 young (6144K), 1 survivors (1024K)
 Metaspace       used 14802K, capacity 15128K, committed 15360K, reserved 1062912K
  class space    used 1820K, capacity 1977K, committed 2048K, reserved 1048576K
}

Deoptimization events (10 events):
Event: 4.433 Thread 0x000000a3bec24000 Uncommon trap: reason=unstable_if action=reinterpret pc=0x000000a3b0114278 method=java.lang.ref.SoftReference.get()Ljava/lang/Object; @ 17 c2
Event: 5.186 Thread 0x000000a3be6ba000 Uncommon trap: reason=unstable_if action=reinterpret pc=0x000000a3b01045c4 method=java.util.Hashtable.get(Ljava/lang/Object;)Ljava/lang/Object; @ 48 c2
Event: 5.721 Thread 0x000000a3be6ba000 Uncommon trap: reason=class_check action=maybe_recompile pc=0x000000a3b010df68 method=java.util.HashMap.putVal(ILjava/lang/Object;Ljava/lang/Object;ZZ)Ljava/lang/Object; @ 203 c2
Event: 5.722 Thread 0x000000a3be6ba000 Uncommon trap: reason=class_check action=maybe_recompile pc=0x000000a3b010df68 method=java.util.HashMap.putVal(ILjava/lang/Object;Ljava/lang/Object;ZZ)Ljava/lang/Object; @ 203 c2
Event: 5.722 Thread 0x000000a3be6ba000 Uncommon trap: reason=class_check action=maybe_recompile pc=0x000000a3b010df68 method=java.util.HashMap.putVal(ILjava/lang/Object;Ljava/lang/Object;ZZ)Ljava/lang/Object; @ 203 c2
Event: 5.722 Thread 0x000000a3be6ba000 Uncommon trap: reason=class_check action=maybe_recompile pc=0x000000a3b010df68 method=java.util.HashMap.putVal(ILjava/lang/Object;Ljava/lang/Object;ZZ)Ljava/lang/Object; @ 203 c2
Event: 5.929 Thread 0x000000a3be6ba000 Uncommon trap: reason=class_check action=maybe_recompile pc=0x000000a3b013f164 method=jdk.internal.misc.Unsafe.allocateUninitializedArray(Ljava/lang/Class;I)Ljava/lang/Object; @ 48 c2
Event: 5.929 Thread 0x000000a3be6ba000 Uncommon trap: reason=class_check action=maybe_recompile pc=0x000000a3b013f164 method=jdk.internal.misc.Unsafe.allocateUninitializedArray(Ljava/lang/Class;I)Ljava/lang/Object; @ 48 c2
Event: 5.929 Thread 0x000000a3be6ba000 Uncommon trap: reason=class_check action=maybe_recompile pc=0x000000a3b013f164 method=jdk.internal.misc.Unsafe.allocateUninitializedArray(Ljava/lang/Class;I)Ljava/lang/Object; @ 48 c2
Event: 5.930 Thread 0x000000a3be6ba000 Uncommon trap: reason=class_check action=maybe_recompile pc=0x000000a3b013f164 method=jdk.internal.misc.Unsafe.allocateUninitializedArray(Ljava/lang/Class;I)Ljava/lang/Object; @ 48 c2

Classes redefined (0 events):
No events

Internal exceptions (10 events):
Event: 0.930 Thread 0x000000a3a0220800 Exception <a 'java/lang/NoSuchMethodError'{0x00000000c58af9e8}: java.lang.invoke.DirectMethodHandle$Holder.invokeStatic(Ljava/lang/Object;ILjava/lang/Object;Ljava/lang/Object;Ljava/lang/Object;)Ljava/lang/Object;> (0x00000000c58af9e8) thrown at [t:/worksp
Event: 0.931 Thread 0x000000a3a0220800 Exception <a 'java/lang/NoSuchMethodError'{0x00000000c58b2fa0}: java.lang.invoke.DirectMethodHandle$Holder.invokeSpecial(Ljava/lang/Object;Ljava/lang/Object;ILjava/lang/Object;Ljava/lang/Object;Ljava/lang/Object;)Ljava/lang/Object;> (0x00000000c58b2fa0) t
Event: 0.944 Thread 0x000000a3a0220800 Exception <a 'java/lang/NoSuchMethodError'{0x00000000c58c9078}: java.lang.invoke.DirectMethodHandle$Holder.invokeStatic(Ljava/lang/Object;ILjava/lang/Object;)Ljava/lang/Object;> (0x00000000c58c9078) thrown at [t:/workspace/open/src/hotspot/share/interpret
Event: 1.034 Thread 0x000000a3a0220800 Exception <a 'java/lang/ClassNotFoundException'{0x00000000c578ac68}: com/sun/java/swing/plaf/windows/resources/spi/windowsProvider> (0x00000000c578ac68) thrown at [t:/workspace/open/src/hotspot/share/classfile/systemDictionary.cpp, line 235]
Event: 1.037 Thread 0x000000a3a0220800 Exception <a 'java/lang/ClassNotFoundException'{0x00000000c578f720}: com/sun/swing/internal/plaf/basic/resources/spi/basicProvider> (0x00000000c578f720) thrown at [t:/workspace/open/src/hotspot/share/classfile/systemDictionary.cpp, line 235]
Event: 1.363 Thread 0x000000a3be6ba000 Exception <a 'java/lang/NoSuchMethodError'{0x00000000c56e9b80}: java.lang.invoke.DirectMethodHandle$Holder.invokeStaticInit(Ljava/lang/Object;IIII)Ljava/lang/Object;> (0x00000000c56e9b80) thrown at [t:/workspace/open/src/hotspot/share/interpreter/linkReso
Event: 1.639 Thread 0x000000a3be6ba000 Exception <a 'java/lang/NoSuchMethodError'{0x00000000c55b6028}: java.lang.invoke.DirectMethodHandle$Holder.invokeStaticInit(Ljava/lang/Object;Ljava/lang/Object;IIII)Ljava/lang/Object;> (0x00000000c55b6028) thrown at [t:/workspace/open/src/hotspot/share/in
Event: 1.923 Thread 0x000000a3be6ba000 Exception <a 'java/lang/NoSuchMethodError'{0x00000000c521ec88}: java.lang.invoke.Invokers$Holder.linkToTargetMethod(Ljava/lang/Object;ILjava/lang/Object;Ljava/lang/Object;)Ljava/lang/Object;> (0x00000000c521ec88) thrown at [t:/workspace/open/src/hotspot/s
Event: 2.620 Thread 0x000000a3be6ba000 Exception <a 'java/lang/NoSuchMethodError'{0x00000000c4f2af98}: java.lang.invoke.Invokers$Holder.linkToTargetMethod(Ljava/lang/Object;ILjava/lang/Object;)Ljava/lang/Object;> (0x00000000c4f2af98) thrown at [t:/workspace/open/src/hotspot/share/interpreter/l
Event: 7.627 Thread 0x000000a3bf668800 Exception <a 'java/lang/NoSuchMethodError'{0x00000000c5754a20}: java.lang.invoke.DirectMethodHandle$Holder.invokeStatic(Ljava/lang/Object;ILjava/lang/Object;)V> (0x00000000c5754a20) thrown at [t:/workspace/open/src/hotspot/share/interpreter/linkResolver.c

Events (10 events):
Event: 8.400 Thread 0x000000a3be6ba000 DEOPT UNPACKING pc=0x000000a3a8618ec0 sp=0x000000a3bef6c500 mode 0
Event: 8.401 Executing VM operation: G1CollectForAllocation
Event: 8.448 Executing VM operation: G1CollectForAllocation done
Event: 8.476 Thread 0x000000a3be6ba000 DEOPT PACKING pc=0x000000a3a8e56e79 sp=0x000000a3bef6d020
Event: 8.476 Thread 0x000000a3be6ba000 DEOPT UNPACKING pc=0x000000a3a8618ec0 sp=0x000000a3bef6c500 mode 0
Event: 8.496 Executing VM operation: G1CollectForAllocation
Event: 8.534 Executing VM operation: G1CollectForAllocation done
Event: 8.565 Executing VM operation: G1CollectForAllocation
Event: 8.592 Executing VM operation: G1CollectForAllocation done
Event: 8.619 Executing VM operation: G1CollectForAllocation


Dynamic libraries:
0x00007ff714910000 - 0x00007ff71491f000 	C:\Program Files\Java\jdk-12.0.2\bin\javaw.exe
0x00007ffd8ee90000 - 0x00007ffd8f03d000 	C:\windows\SYSTEM32\ntdll.dll
0x00007ffd8ed10000 - 0x00007ffd8ee4a000 	C:\windows\system32\KERNEL32.DLL
0x00007ffd71220000 - 0x00007ffd71232000 	C:\Program Files\AVAST Software\Avast\aswhook.dll
0x00007ffd8c0c0000 - 0x00007ffd8c1d5000 	C:\windows\system32\KERNELBASE.dll
0x00007ffd7d1c0000 - 0x00007ffd7d1d8000 	C:\Program Files\Java\jdk-12.0.2\bin\jli.dll
0x00007ffd712f0000 - 0x00007ffd71306000 	C:\Program Files\Java\jdk-12.0.2\bin\VCRUNTIME140.dll
0x00007ffd88350000 - 0x00007ffd88354000 	C:\Program Files\Java\jdk-12.0.2\bin\api-ms-win-crt-stdio-l1-1-0.dll
0x00007ffd88330000 - 0x00007ffd88334000 	C:\Program Files\Java\jdk-12.0.2\bin\api-ms-win-crt-runtime-l1-1-0.dll
0x00007ffd87e70000 - 0x00007ffd87e73000 	C:\Program Files\Java\jdk-12.0.2\bin\api-ms-win-crt-environment-l1-1-0.dll
0x00007ffd82fe0000 - 0x00007ffd82fe5000 	C:\Program Files\Java\jdk-12.0.2\bin\api-ms-win-crt-math-l1-1-0.dll
0x00007ffd81c40000 - 0x00007ffd81c43000 	C:\Program Files\Java\jdk-12.0.2\bin\api-ms-win-crt-locale-l1-1-0.dll
0x00007ffd7de10000 - 0x00007ffd7de13000 	C:\Program Files\Java\jdk-12.0.2\bin\api-ms-win-crt-heap-l1-1-0.dll
0x00007ffd8cbe0000 - 0x00007ffd8cc8a000 	C:\windows\system32\ADVAPI32.dll
0x00007ffd89ce0000 - 0x00007ffd89f5b000 	C:\windows\WinSxS\amd64_microsoft.windows.common-controls_6595b64144ccf1df_6.0.9600.18006_none_623f33d3ecbe86e8\COMCTL32.dll
0x00007ffd8e8d0000 - 0x00007ffd8ea47000 	C:\windows\system32\USER32.dll
0x00007ffd86ba0000 - 0x00007ffd86baa000 	C:\windows\SYSTEM32\VERSION.dll
0x00007ffd7d2d0000 - 0x00007ffd7d2d3000 	C:\Program Files\Java\jdk-12.0.2\bin\api-ms-win-crt-filesystem-l1-1-0.dll
0x00007ffd7d1b0000 - 0x00007ffd7d1b4000 	C:\Program Files\Java\jdk-12.0.2\bin\api-ms-win-crt-string-l1-1-0.dll
0x00007ffd7d070000 - 0x00007ffd7d074000 	C:\Program Files\Java\jdk-12.0.2\bin\api-ms-win-crt-convert-l1-1-0.dll
0x00007ffd8ec60000 - 0x00007ffd8ed07000 	C:\windows\system32\msvcrt.dll
0x00007ffd8cc90000 - 0x00007ffd8cce9000 	C:\windows\SYSTEM32\sechost.dll
0x00007ffd8c960000 - 0x00007ffd8caa0000 	C:\windows\system32\RPCRT4.dll
0x00007ffd8d170000 - 0x00007ffd8d2bf000 	C:\windows\system32\GDI32.dll
0x00007ffd6a890000 - 0x00007ffd6a986000 	C:\Program Files\Java\jdk-12.0.2\bin\ucrtbase.DLL
0x00007ffd8c1e0000 - 0x00007ffd8c20e000 	C:\windows\system32\SspiCli.dll
0x00007ffd8ee50000 - 0x00007ffd8ee84000 	C:\windows\system32\IMM32.DLL
0x00007ffd8c800000 - 0x00007ffd8c952000 	C:\windows\system32\MSCTF.dll
0x00007ffd6e2d0000 - 0x00007ffd6e37a000 	C:\Program Files\Java\jdk-12.0.2\bin\msvcp140.dll
0x00007ffd7cde0000 - 0x00007ffd7cde5000 	C:\Program Files\Java\jdk-12.0.2\bin\api-ms-win-crt-multibyte-l1-1-0.dll
0x00007ffd712e0000 - 0x00007ffd712e3000 	C:\Program Files\Java\jdk-12.0.2\bin\api-ms-win-crt-time-l1-1-0.dll
0x00007ffd712c0000 - 0x00007ffd712c3000 	C:\Program Files\Java\jdk-12.0.2\bin\api-ms-win-crt-utility-l1-1-0.dll
0x00007ffd55dd0000 - 0x00007ffd56947000 	C:\Program Files\Java\jdk-12.0.2\bin\server\jvm.dll
0x00007ffd861e0000 - 0x00007ffd861e9000 	C:\windows\SYSTEM32\WSOCK32.dll
0x00007ffd87050000 - 0x00007ffd8706f000 	C:\windows\SYSTEM32\WINMM.dll
0x00007ffd8ea60000 - 0x00007ffd8ea67000 	C:\windows\system32\PSAPI.DLL
0x00007ffd8cab0000 - 0x00007ffd8cb0a000 	C:\windows\system32\WS2_32.dll
0x00007ffd87020000 - 0x00007ffd8704a000 	C:\windows\SYSTEM32\WINMMBASE.dll
0x00007ffd8caa0000 - 0x00007ffd8caa9000 	C:\windows\system32\NSI.dll
0x00007ffd8c270000 - 0x00007ffd8c2ba000 	C:\windows\SYSTEM32\cfgmgr32.dll
0x00007ffd8ae50000 - 0x00007ffd8ae76000 	C:\windows\SYSTEM32\DEVOBJ.dll
0x00007ffd8a6c0000 - 0x00007ffd8a6d1000 	C:\Program Files\Java\jdk-12.0.2\bin\verify.dll
0x00007ffd84c30000 - 0x00007ffd84db9000 	C:\windows\SYSTEM32\DBGHELP.DLL
0x00007ffd884c0000 - 0x00007ffd884e6000 	C:\Program Files\Java\jdk-12.0.2\bin\java.dll
0x00007ffd88b90000 - 0x00007ffd88ba7000 	C:\Program Files\Java\jdk-12.0.2\bin\zip.dll
0x00007ffd88b50000 - 0x00007ffd88b5a000 	C:\Program Files\Java\jdk-12.0.2\bin\jimage.dll
0x00007ffd8d3a0000 - 0x00007ffd8e8c8000 	C:\windows\system32\SHELL32.dll
0x00007ffd8cf50000 - 0x00007ffd8d161000 	C:\windows\SYSTEM32\combase.dll
0x00007ffd8d2c0000 - 0x00007ffd8d311000 	C:\windows\system32\SHLWAPI.dll
0x00007ffd8a5c0000 - 0x00007ffd8a672000 	C:\windows\SYSTEM32\SHCORE.dll
0x00007ffd8bff0000 - 0x00007ffd8c004000 	C:\windows\SYSTEM32\profapi.dll
0x00007ffd81a30000 - 0x00007ffd81a49000 	C:\Program Files\Java\jdk-12.0.2\bin\net.dll
0x00007ffd851e0000 - 0x00007ffd852a7000 	C:\windows\SYSTEM32\WINHTTP.dll
0x00007ffd84980000 - 0x00007ffd84b08000 	C:\windows\SYSTEM32\urlmon.dll
0x00007ffd8c5b0000 - 0x00007ffd8c744000 	C:\windows\system32\ole32.dll
0x00007ffd84e00000 - 0x00007ffd850ca000 	C:\windows\SYSTEM32\iertutil.dll
0x00007ffd852b0000 - 0x00007ffd8575c000 	C:\windows\SYSTEM32\WININET.dll
0x00007ffd8b630000 - 0x00007ffd8b64e000 	C:\windows\SYSTEM32\USERENV.dll
0x00007ffd8b8a0000 - 0x00007ffd8b8f9000 	C:\windows\system32\mswsock.dll
0x00007ffd806a0000 - 0x00007ffd806b3000 	C:\Program Files\Java\jdk-12.0.2\bin\nio.dll
0x00007ffd65a40000 - 0x00007ffd65bdf000 	C:\Program Files\Java\jdk-12.0.2\bin\awt.dll
0x00007ffd8cb10000 - 0x00007ffd8cbd6000 	C:\windows\system32\OLEAUT32.dll
0x00007ffd6ebf0000 - 0x00007ffd6f071000 	C:\windows\SYSTEM32\d2d1.dll
0x00007ffd8abf0000 - 0x00007ffd8ac7e000 	C:\windows\system32\apphelp.dll
0x00007ffd8acd0000 - 0x00007ffd8adf1000 	C:\windows\system32\uxtheme.dll
0x00007ffd88400000 - 0x00007ffd88498000 	C:\Program Files\Common Files\microsoft shared\ink\tiptsf.dll
0x00007ffd8a3f0000 - 0x00007ffd8a410000 	C:\windows\system32\dwmapi.dll
0x00007ffd8ac80000 - 0x00007ffd8ac8a000 	C:\windows\SYSTEM32\kernel.appcore.dll
0x00007ffd8bec0000 - 0x00007ffd8beca000 	C:\windows\SYSTEM32\CRYPTBASE.dll
0x00007ffd8be50000 - 0x00007ffd8beb3000 	C:\windows\SYSTEM32\bcryptPrimitives.dll
0x00007ffd69cd0000 - 0x00007ffd69df1000 	C:\windows\system32\opengl32.dll
0x00007ffd71280000 - 0x00007ffd712ac000 	C:\windows\SYSTEM32\GLU32.dll
0x00007ffd6cea0000 - 0x00007ffd6cf94000 	C:\windows\SYSTEM32\DDRAW.dll
0x00007ffd82180000 - 0x00007ffd82189000 	C:\windows\SYSTEM32\DCIMAN32.dll
0x00007ffd6d4a0000 - 0x00007ffd6d520000 	C:\Program Files\Java\jdk-12.0.2\bin\freetype.dll
0x00007ffd68ca0000 - 0x00007ffd68d4b000 	C:\Program Files\Java\jdk-12.0.2\bin\fontmanager.dll
0x00007ffd8ba10000 - 0x00007ffd8ba2e000 	C:\windows\SYSTEM32\CRYPTSP.dll
0x00007ffd8b520000 - 0x00007ffd8b556000 	C:\windows\system32\rsaenh.dll
0x00007ffd8bb50000 - 0x00007ffd8bb76000 	C:\windows\SYSTEM32\bcrypt.dll
0x00007ffd86b50000 - 0x00007ffd86b7a000 	C:\windows\SYSTEM32\IPHLPAPI.DLL
0x00007ffd86b30000 - 0x00007ffd86b3a000 	C:\windows\SYSTEM32\WINNSI.DLL
0x00007ffd86a00000 - 0x00007ffd86a14000 	C:\windows\SYSTEM32\dhcpcsvc6.DLL
0x00007ffd869e0000 - 0x00007ffd869f9000 	C:\windows\SYSTEM32\dhcpcsvc.DLL
0x00007ffd6eb00000 - 0x00007ffd6eb3f000 	C:\Program Files\Java\jdk-12.0.2\bin\lcms.dll
0x00007ffd8c750000 - 0x00007ffd8c7f4000 	C:\windows\SYSTEM32\clbcatq.dll
0x00007ffd89b30000 - 0x00007ffd89cde000 	C:\windows\SYSTEM32\WindowsCodecs.dll
0x00007ffd87a60000 - 0x00007ffd87ac3000 	C:\windows\SYSTEM32\oleacc.dll
0x00007ffd70d60000 - 0x00007ffd70d69000 	C:\Program Files\Java\jdk-12.0.2\bin\prefs.dll
0x00007ffd889a0000 - 0x00007ffd88a44000 	C:\windows\WinSxS\amd64_microsoft.windows.common-controls_6595b64144ccf1df_5.82.9600.17810_none_34ae2abd958aedeb\comctl32.dll
0x00007ffd8ea70000 - 0x00007ffd8ec44000 	C:\windows\system32\SETUPAPI.dll
0x00007ffd88130000 - 0x00007ffd8829f000 	C:\windows\system32\propsys.dll
0x00007ffd6c040000 - 0x00007ffd6c1dc000 	C:\windows\system32\NetworkExplorer.dll
0x00007ffd87fd0000 - 0x00007ffd87ffb000 	C:\Windows\System32\thumbcache.dll
0x00007ffd70c60000 - 0x00007ffd70c7b000 	C:\windows\SYSTEM32\MPR.dll
0x00007ffd7dbb0000 - 0x00007ffd7dbbb000 	C:\windows\System32\drprov.dll
0x00007ffd8b3b0000 - 0x00007ffd8b407000 	C:\windows\System32\WINSTA.dll
0x00007ffd7d9f0000 - 0x00007ffd7da05000 	C:\windows\System32\ntlanman.dll
0x00007ffd7cdf0000 - 0x00007ffd7ce0f000 	C:\windows\System32\davclnt.dll
0x00007ffd7dba0000 - 0x00007ffd7dbab000 	C:\windows\System32\DAVHLPR.dll
0x00007ffd87720000 - 0x00007ffd87736000 	C:\windows\System32\wkscli.dll
0x00007ffd71f80000 - 0x00007ffd71f90000 	C:\windows\SYSTEM32\cscapi.dll
0x00007ffd8ba00000 - 0x00007ffd8ba0c000 	C:\windows\System32\netutils.dll
0x00007ffd7d650000 - 0x00007ffd7d6c5000 	C:\Windows\System32\dlnashext.dll
0x00007ffd70120000 - 0x00007ffd7016e000 	C:\Windows\System32\PlayToDevice.dll
0x00007ffd7e020000 - 0x00007ffd7e03c000 	C:\Windows\System32\DevDispItemProvider.dll
0x00007ffd6e6f0000 - 0x00007ffd6e8ed000 	C:\windows\system32\wpdshext.dll
0x00007ffd86cc0000 - 0x00007ffd86e71000 	C:\windows\WinSxS\amd64_microsoft.windows.gdiplus_6595b64144ccf1df_1.1.9600.18592_none_933383bf47487fd6\gdiplus.dll
0x00007ffd70420000 - 0x00007ffd704c6000 	C:\Windows\System32\PortableDeviceApi.dll
0x00007ffd8c210000 - 0x00007ffd8c261000 	C:\windows\system32\WINTRUST.dll
0x00007ffd8c370000 - 0x00007ffd8c54f000 	C:\windows\system32\CRYPT32.dll
0x00007ffd8c0a0000 - 0x00007ffd8c0b2000 	C:\windows\system32\MSASN1.dll
0x00007ffd8ab40000 - 0x00007ffd8ab76000 	C:\Windows\System32\EhStorShell.dll
0x00007ffd70870000 - 0x00007ffd70895000 	C:\Windows\System32\EhStorAPI.dll
0x00007ffd87a30000 - 0x00007ffd87a41000 	C:\Windows\System32\WTSAPI32.dll
0x00007ffd6ce70000 - 0x00007ffd6ce7c000 	C:\windows\SYSTEM32\LINKINFO.dll

dbghelp: loaded successfully - version: 4.0.5 - missing functions: none
symbol engine: initialized successfully - sym options: 0x614 - pdb path: .;C:\Program Files\Java\jdk-12.0.2\bin;C:\windows\SYSTEM32;C:\Program Files\AVAST Software\Avast;C:\windows\WinSxS\amd64_microsoft.windows.common-controls_6595b64144ccf1df_6.0.9600.18006_none_623f33d3ecbe86e8;C:\Program Files\Java\jdk-12.0.2\bin\server;C:\Program Files\Common Files\microsoft shared\ink;C:\windows\WinSxS\amd64_microsoft.windows.common-controls_6595b64144ccf1df_5.82.9600.17810_none_34ae2abd958aedeb;C:\windows\WinSxS\amd64_microsoft.windows.gdiplus_6595b64144ccf1df_1.1.9600.18592_none_933383bf47487fd6

VM Arguments:
jvm_args: -Dfile.encoding=UTF-8 
java_command: org.insa.graphs.gui.MainWindow
java_class_path (initial): D:\Users\Perrine\Documents\INSA\3A\SEM2\BE\BE_GRAPHES\be-graphes-gui\target\classes;D:\Users\Perrine\Documents\INSA\3A\SEM2\BE\BE_GRAPHES\be-graphes-model\target\classes;D:\Users\Perrine\Documents\INSA\3A\SEM2\BE\BE_GRAPHES\be-graphes-algos\target\classes;D:\Users\Perrine\.m2\repository\net\sf\kxml\kxml2\2.3.0\kxml2-2.3.0.jar;D:\Users\Perrine\.m2\repository\org\mapsforge\mapsforge-themes\0.13.0\mapsforge-themes-0.13.0.jar;D:\Users\Perrine\.m2\repository\org\mapsforge\mapsforge-map\0.13.0\mapsforge-map-0.13.0.jar;D:\Users\Perrine\.m2\repository\org\mapsforge\mapsforge-core\0.13.0\mapsforge-core-0.13.0.jar;D:\Users\Perrine\.m2\repository\org\mapsforge\mapsforge-map-awt\0.13.0\mapsforge-map-awt-0.13.0.jar;D:\Users\Perrine\.m2\repository\com\github\blackears\svgSalamander\v1.1.1\svgSalamander-v1.1.1.jar;D:\Users\Perrine\.m2\repository\org\apache\ant\ant\1.8.1\ant-1.8.1.jar;D:\Users\Perrine\.m2\repository\org\apache\ant\ant-launcher\1.8.1\ant-launcher-1.8.1.jar;D:\Users\Perrine\.m2\repository\org\mapsforge\mapsforge-map-reader\0.13.0\mapsforge-map-reader-0.13.0.jar
Launcher Type: SUN_STANDARD

[Global flags]
     intx CICompilerCount                          = 3                                         {product} {ergonomic}
     uint ConcGCThreads                            = 1                                         {product} {ergonomic}
     uint G1ConcRefinementThreads                  = 4                                         {product} {ergonomic}
   size_t G1HeapRegionSize                         = 1048576                                   {product} {ergonomic}
    uintx GCDrainStackTargetSize                   = 64                                        {product} {ergonomic}
   size_t InitialHeapSize                          = 67108864                                  {product} {ergonomic}
   size_t MarkStackSize                            = 4194304                                   {product} {ergonomic}
   size_t MaxHeapSize                              = 1044381696                                {product} {ergonomic}
   size_t MaxNewSize                               = 625999872                                 {product} {ergonomic}
   size_t MinHeapDeltaBytes                        = 1048576                                   {product} {ergonomic}
    uintx NonNMethodCodeHeapSize                   = 5830732                                {pd product} {ergonomic}
    uintx NonProfiledCodeHeapSize                  = 122913754                              {pd product} {ergonomic}
    uintx ProfiledCodeHeapSize                     = 122913754                              {pd product} {ergonomic}
    uintx ReservedCodeCacheSize                    = 251658240                              {pd product} {ergonomic}
     bool SegmentedCodeCache                       = true                                      {product} {ergonomic}
     bool UseCompressedClassPointers               = true                                 {lp64_product} {ergonomic}
     bool UseCompressedOops                        = true                                 {lp64_product} {ergonomic}
     bool UseG1GC                                  = true                                      {product} {ergonomic}
     bool UseLargePagesIndividualAllocation        = false                                  {pd product} {ergonomic}

Logging:
Log output configuration:
 #0: stdout all=warning uptime,level,tags
 #1: stderr all=off uptime,level,tags

Environment Variables:
PATH=C:/Program Files/Java/jdk-12.0.2/bin/server;C:/Program Files/Java/jdk-12.0.2/bin;C:\Program Files (x86)\Common Files\Oracle\Java\javapath;C:\ProgramData\Oracle\Java\javapath;C:\Program Files (x86)\Intel\TXE Components\TCS\;C:\Program Files\Intel\TXE Components\TCS\;C:\windows\system32;C:\windows;C:\windows\System32\Wbem;C:\windows\System32\WindowsPowerShell\v1.0\;C:\Program Files (x86)\Windows Live\Shared;D:\Users\Perrine\Documents\Git\cmd;D:\Users\Perrine\Desktop;
USERNAME=Perrine
OS=Windows_NT
PROCESSOR_IDENTIFIER=Intel64 Family 6 Model 55 Stepping 8, GenuineIntel



---------------  S Y S T E M  ---------------

OS: Windows 8.1 , 64 bit Build 9600 (6.3.9600.17056)

CPU:total 4 (initial active 4) (4 cores per cpu, 1 threads per core) family 6 model 55 stepping 8, cmov, cx8, fxsr, mmx, sse, sse2, sse3, ssse3, sse4.1, sse4.2, popcnt, clmul, erms, 3dnowpref, tsc, tscinvbit

Memory: 4k page, system-wide physical 3983M (307M free)
TotalPageFile size 11594M (AvailPageFile size 219M)
current process WorkingSet (physical memory assigned to process): 198M, peak: 198M
current process commit charge ("private bytes"): 226M, peak: 474M

vm_info: Java HotSpot(TM) 64-Bit Server VM (12.0.2+10) for windows-amd64 JRE (12.0.2+10), built on Jul 16 2019 01:56:17 by "mach5one" with MS VC++ 15.5 (VS2017)

END.
